{"/workspace/bin/install.js": {"path":"/workspace/bin/install.js","statementMap":{"0":{"start":{"line":3,"column":11},"end":{"line":3,"column":24}},"1":{"start":{"line":4,"column":13},"end":{"line":4,"column":28}},"2":{"start":{"line":5,"column":11},"end":{"line":5,"column":24}},"3":{"start":{"line":6,"column":17},"end":{"line":6,"column":36}},"4":{"start":{"line":7,"column":32},"end":{"line":7,"column":69}},"5":{"start":{"line":8,"column":27},"end":{"line":8,"column":49}},"6":{"start":{"line":9,"column":46},"end":{"line":9,"column":70}},"7":{"start":{"line":10,"column":31},"end":{"line":10,"column":77}},"8":{"start":{"line":11,"column":31},"end":{"line":11,"column":73}},"9":{"start":{"line":12,"column":44},"end":{"line":12,"column":67}},"10":{"start":{"line":13,"column":22},"end":{"line":13,"column":54}},"11":{"start":{"line":14,"column":23},"end":{"line":14,"column":56}},"12":{"start":{"line":15,"column":21},"end":{"line":15,"column":52}},"13":{"start":{"line":16,"column":26},"end":{"line":16,"column":68}},"14":{"start":{"line":17,"column":25},"end":{"line":17,"column":73}},"15":{"start":{"line":18,"column":19},"end":{"line":18,"column":58}},"16":{"start":{"line":19,"column":25},"end":{"line":19,"column":66}},"17":{"start":{"line":20,"column":32},"end":{"line":20,"column":66}},"18":{"start":{"line":21,"column":19},"end":{"line":21,"column":47}},"19":{"start":{"line":22,"column":22},"end":{"line":22,"column":53}},"20":{"start":{"line":23,"column":33},"end":{"line":23,"column":63}},"21":{"start":{"line":24,"column":17},"end":{"line":24,"column":49}},"22":{"start":{"line":27,"column":12},"end":{"line":27,"column":38}},"23":{"start":{"line":29,"column":15},"end":{"line":41,"column":1}},"24":{"start":{"line":50,"column":13},"end":{"line":50,"column":34}},"25":{"start":{"line":54,"column":25},"end":{"line":54,"column":86}},"26":{"start":{"line":54,"column":47},"end":{"line":54,"column":85}},"27":{"start":{"line":55,"column":2},"end":{"line":63,"column":3}},"28":{"start":{"line":56,"column":20},"end":{"line":56,"column":44}},"29":{"start":{"line":58,"column":4},"end":{"line":61,"column":5}},"30":{"start":{"line":59,"column":6},"end":{"line":59,"column":80}},"31":{"start":{"line":60,"column":6},"end":{"line":60,"column":22}},"32":{"start":{"line":62,"column":4},"end":{"line":62,"column":19}},"33":{"start":{"line":65,"column":23},"end":{"line":65,"column":97}},"34":{"start":{"line":65,"column":40},"end":{"line":65,"column":96}},"35":{"start":{"line":66,"column":2},"end":{"line":68,"column":3}},"36":{"start":{"line":67,"column":4},"end":{"line":67,"column":38}},"37":{"start":{"line":69,"column":2},"end":{"line":69,"column":14}},"38":{"start":{"line":71,"column":26},"end":{"line":71,"column":45}},"39":{"start":{"line":75,"column":26},"end":{"line":75,"column":72}},"40":{"start":{"line":75,"column":48},"end":{"line":75,"column":71}},"41":{"start":{"line":76,"column":2},"end":{"line":83,"column":3}},"42":{"start":{"line":77,"column":20},"end":{"line":77,"column":45}},"43":{"start":{"line":78,"column":4},"end":{"line":81,"column":5}},"44":{"start":{"line":79,"column":6},"end":{"line":79,"column":81}},"45":{"start":{"line":80,"column":6},"end":{"line":80,"column":22}},"46":{"start":{"line":82,"column":4},"end":{"line":82,"column":19}},"47":{"start":{"line":85,"column":24},"end":{"line":85,"column":74}},"48":{"start":{"line":85,"column":41},"end":{"line":85,"column":73}},"49":{"start":{"line":86,"column":2},"end":{"line":88,"column":3}},"50":{"start":{"line":87,"column":4},"end":{"line":87,"column":39}},"51":{"start":{"line":89,"column":2},"end":{"line":89,"column":14}},"52":{"start":{"line":91,"column":27},"end":{"line":91,"column":47}},"53":{"start":{"line":93,"column":16},"end":{"line":93,"column":62}},"54":{"start":{"line":94,"column":24},"end":{"line":94,"column":59}},"55":{"start":{"line":96,"column":0},"end":{"line":96,"column":20}},"56":{"start":{"line":99,"column":0},"end":{"line":153,"column":1}},"57":{"start":{"line":100,"column":2},"end":{"line":151,"column":3}},"58":{"start":{"line":152,"column":2},"end":{"line":152,"column":18}},"59":{"start":{"line":160,"column":0},"end":{"line":319,"column":5}},"60":{"start":{"line":162,"column":22},"end":{"line":162,"column":59}},"61":{"start":{"line":166,"column":2},"end":{"line":171,"column":3}},"62":{"start":{"line":167,"column":4},"end":{"line":167,"column":41}},"63":{"start":{"line":169,"column":4},"end":{"line":169,"column":55}},"64":{"start":{"line":170,"column":4},"end":{"line":170,"column":20}},"65":{"start":{"line":174,"column":2},"end":{"line":174,"column":42}},"66":{"start":{"line":177,"column":51},"end":{"line":177,"column":61}},"67":{"start":{"line":180,"column":2},"end":{"line":190,"column":3}},"68":{"start":{"line":181,"column":36},"end":{"line":181,"column":74}},"69":{"start":{"line":182,"column":4},"end":{"line":189,"column":5}},"70":{"start":{"line":183,"column":25},"end":{"line":183,"column":57}},"71":{"start":{"line":184,"column":6},"end":{"line":184,"column":39}},"72":{"start":{"line":185,"column":6},"end":{"line":185,"column":31}},"73":{"start":{"line":187,"column":6},"end":{"line":187,"column":57}},"74":{"start":{"line":188,"column":6},"end":{"line":188,"column":22}},"75":{"start":{"line":193,"column":24},"end":{"line":193,"column":72}},"76":{"start":{"line":194,"column":2},"end":{"line":197,"column":3}},"77":{"start":{"line":195,"column":4},"end":{"line":195,"column":50}},"78":{"start":{"line":196,"column":4},"end":{"line":196,"column":20}},"79":{"start":{"line":200,"column":19},"end":{"line":200,"column":33}},"80":{"start":{"line":206,"column":27},"end":{"line":206,"column":58}},"81":{"start":{"line":207,"column":31},"end":{"line":207,"column":53}},"82":{"start":{"line":212,"column":6},"end":{"line":212,"column":40}},"83":{"start":{"line":215,"column":2},"end":{"line":219,"column":3}},"84":{"start":{"line":216,"column":4},"end":{"line":216,"column":85}},"85":{"start":{"line":217,"column":4},"end":{"line":217,"column":107}},"86":{"start":{"line":218,"column":4},"end":{"line":218,"column":20}},"87":{"start":{"line":222,"column":2},"end":{"line":227,"column":3}},"88":{"start":{"line":223,"column":25},"end":{"line":223,"column":52}},"89":{"start":{"line":224,"column":4},"end":{"line":226,"column":5}},"90":{"start":{"line":225,"column":6},"end":{"line":225,"column":50}},"91":{"start":{"line":230,"column":2},"end":{"line":237,"column":3}},"92":{"start":{"line":231,"column":28},"end":{"line":231,"column":48}},"93":{"start":{"line":234,"column":4},"end":{"line":234,"column":73}},"94":{"start":{"line":235,"column":4},"end":{"line":235,"column":75}},"95":{"start":{"line":236,"column":4},"end":{"line":236,"column":20}},"96":{"start":{"line":244,"column":23},"end":{"line":244,"column":70}},"97":{"start":{"line":247,"column":23},"end":{"line":247,"column":47}},"98":{"start":{"line":248,"column":4},"end":{"line":250,"column":5}},"99":{"start":{"line":249,"column":6},"end":{"line":249,"column":87}},"100":{"start":{"line":253,"column":22},"end":{"line":253,"column":68}},"101":{"start":{"line":256,"column":4},"end":{"line":259,"column":5}},"102":{"start":{"line":257,"column":26},"end":{"line":257,"column":69}},"103":{"start":{"line":258,"column":6},"end":{"line":258,"column":98}},"104":{"start":{"line":262,"column":4},"end":{"line":264,"column":5}},"105":{"start":{"line":263,"column":6},"end":{"line":263,"column":120}},"106":{"start":{"line":267,"column":22},"end":{"line":267,"column":68}},"107":{"start":{"line":268,"column":4},"end":{"line":270,"column":5}},"108":{"start":{"line":269,"column":6},"end":{"line":269,"column":81}},"109":{"start":{"line":272,"column":4},"end":{"line":272,"column":22}},"110":{"start":{"line":276,"column":2},"end":{"line":276,"column":75}},"111":{"start":{"line":278,"column":18},"end":{"line":278,"column":20}},"112":{"start":{"line":280,"column":2},"end":{"line":311,"column":3}},"113":{"start":{"line":282,"column":23},"end":{"line":282,"column":85}},"114":{"start":{"line":284,"column":4},"end":{"line":284,"column":49}},"115":{"start":{"line":286,"column":4},"end":{"line":310,"column":5}},"116":{"start":{"line":288,"column":25},"end":{"line":288,"column":78}},"117":{"start":{"line":296,"column":22},"end":{"line":301,"column":7}},"118":{"start":{"line":303,"column":6},"end":{"line":303,"column":50}},"119":{"start":{"line":304,"column":6},"end":{"line":304,"column":57}},"120":{"start":{"line":307,"column":6},"end":{"line":307,"column":46}},"121":{"start":{"line":308,"column":6},"end":{"line":308,"column":56}},"122":{"start":{"line":314,"column":2},"end":{"line":314,"column":28}},"123":{"start":{"line":317,"column":22},"end":{"line":317,"column":51}},"124":{"start":{"line":317,"column":40},"end":{"line":317,"column":50}},"125":{"start":{"line":318,"column":2},"end":{"line":318,"column":36}},"126":{"start":{"line":333,"column":2},"end":{"line":340,"column":3}},"127":{"start":{"line":334,"column":28},"end":{"line":334,"column":48}},"128":{"start":{"line":337,"column":4},"end":{"line":337,"column":73}},"129":{"start":{"line":338,"column":4},"end":{"line":338,"column":75}},"130":{"start":{"line":339,"column":4},"end":{"line":339,"column":20}},"131":{"start":{"line":343,"column":2},"end":{"line":347,"column":3}},"132":{"start":{"line":344,"column":4},"end":{"line":344,"column":24}},"133":{"start":{"line":345,"column":4},"end":{"line":345,"column":17}},"134":{"start":{"line":346,"column":4},"end":{"line":346,"column":20}},"135":{"start":{"line":350,"column":19},"end":{"line":350,"column":40}},"136":{"start":{"line":351,"column":22},"end":{"line":353,"column":27}},"137":{"start":{"line":352,"column":34},"end":{"line":352,"column":45}},"138":{"start":{"line":353,"column":23},"end":{"line":353,"column":26}},"139":{"start":{"line":356,"column":26},"end":{"line":364,"column":4}},"140":{"start":{"line":367,"column":2},"end":{"line":367,"column":46}},"141":{"start":{"line":368,"column":2},"end":{"line":370,"column":3}},"142":{"start":{"line":369,"column":4},"end":{"line":369,"column":54}},"143":{"start":{"line":371,"column":2},"end":{"line":373,"column":3}},"144":{"start":{"line":372,"column":4},"end":{"line":372,"column":52}},"145":{"start":{"line":376,"column":2},"end":{"line":376,"column":52}},"146":{"start":{"line":377,"column":2},"end":{"line":377,"column":53}},"147":{"start":{"line":380,"column":2},"end":{"line":382,"column":3}},"148":{"start":{"line":381,"column":4},"end":{"line":381,"column":87}},"149":{"start":{"line":384,"column":2},"end":{"line":384,"column":16}},"150":{"start":{"line":390,"column":2},"end":{"line":392,"column":3}},"151":{"start":{"line":391,"column":4},"end":{"line":391,"column":54}},"152":{"start":{"line":393,"column":2},"end":{"line":393,"column":18}},"153":{"start":{"line":400,"column":2},"end":{"line":406,"column":3}},"154":{"start":{"line":401,"column":4},"end":{"line":405,"column":5}},"155":{"start":{"line":402,"column":6},"end":{"line":402,"column":63}},"156":{"start":{"line":404,"column":6},"end":{"line":404,"column":16}},"157":{"start":{"line":407,"column":2},"end":{"line":407,"column":12}},"158":{"start":{"line":414,"column":2},"end":{"line":414,"column":75}},"159":{"start":{"line":424,"column":2},"end":{"line":426,"column":3}},"160":{"start":{"line":425,"column":4},"end":{"line":425,"column":44}},"161":{"start":{"line":427,"column":2},"end":{"line":427,"column":45}},"162":{"start":{"line":429,"column":18},"end":{"line":429,"column":65}},"163":{"start":{"line":431,"column":2},"end":{"line":457,"column":3}},"164":{"start":{"line":432,"column":20},"end":{"line":432,"column":49}},"165":{"start":{"line":433,"column":21},"end":{"line":433,"column":51}},"166":{"start":{"line":436,"column":4},"end":{"line":438,"column":5}},"167":{"start":{"line":437,"column":6},"end":{"line":437,"column":15}},"168":{"start":{"line":440,"column":4},"end":{"line":456,"column":5}},"169":{"start":{"line":441,"column":6},"end":{"line":441,"column":81}},"170":{"start":{"line":442,"column":11},"end":{"line":456,"column":5}},"171":{"start":{"line":443,"column":20},"end":{"line":443,"column":52}},"172":{"start":{"line":447,"column":22},"end":{"line":447,"column":44}},"173":{"start":{"line":448,"column":6},"end":{"line":448,"column":60}},"174":{"start":{"line":451,"column":6},"end":{"line":451,"column":61}},"175":{"start":{"line":453,"column":6},"end":{"line":453,"column":42}},"176":{"start":{"line":455,"column":6},"end":{"line":455,"column":41}},"177":{"start":{"line":468,"column":17},"end":{"line":468,"column":19}},"178":{"start":{"line":469,"column":18},"end":{"line":469,"column":19}},"179":{"start":{"line":470,"column":15},"end":{"line":470,"column":16}},"180":{"start":{"line":472,"column":2},"end":{"line":517,"column":3}},"181":{"start":{"line":474,"column":4},"end":{"line":474,"column":49}},"182":{"start":{"line":477,"column":22},"end":{"line":478,"column":66}},"183":{"start":{"line":478,"column":22},"end":{"line":478,"column":65}},"184":{"start":{"line":480,"column":4},"end":{"line":513,"column":5}},"185":{"start":{"line":481,"column":23},"end":{"line":481,"column":52}},"186":{"start":{"line":483,"column":6},"end":{"line":512,"column":7}},"187":{"start":{"line":485,"column":23},"end":{"line":485,"column":56}},"188":{"start":{"line":487,"column":8},"end":{"line":507,"column":9}},"189":{"start":{"line":489,"column":29},"end":{"line":489,"column":59}},"190":{"start":{"line":490,"column":10},"end":{"line":490,"column":62}},"191":{"start":{"line":491,"column":10},"end":{"line":491,"column":22}},"192":{"start":{"line":494,"column":10},"end":{"line":498,"column":11}},"193":{"start":{"line":495,"column":12},"end":{"line":497,"column":15}},"194":{"start":{"line":496,"column":14},"end":{"line":496,"column":93}},"195":{"start":{"line":501,"column":10},"end":{"line":501,"column":19}},"196":{"start":{"line":502,"column":27},"end":{"line":504,"column":29}},"197":{"start":{"line":503,"column":37},"end":{"line":503,"column":46}},"198":{"start":{"line":505,"column":10},"end":{"line":505,"column":59}},"199":{"start":{"line":506,"column":10},"end":{"line":506,"column":92}},"200":{"start":{"line":509,"column":8},"end":{"line":509,"column":17}},"201":{"start":{"line":510,"column":8},"end":{"line":510,"column":60}},"202":{"start":{"line":511,"column":8},"end":{"line":511,"column":91}},"203":{"start":{"line":515,"column":4},"end":{"line":515,"column":77}},"204":{"start":{"line":516,"column":4},"end":{"line":516,"column":89}},"205":{"start":{"line":519,"column":2},"end":{"line":519,"column":39}},"206":{"start":{"line":534,"column":17},"end":{"line":534,"column":19}},"207":{"start":{"line":535,"column":18},"end":{"line":535,"column":19}},"208":{"start":{"line":536,"column":15},"end":{"line":536,"column":16}},"209":{"start":{"line":538,"column":2},"end":{"line":592,"column":3}},"210":{"start":{"line":540,"column":4},"end":{"line":540,"column":49}},"211":{"start":{"line":543,"column":22},"end":{"line":547,"column":8}},"212":{"start":{"line":545,"column":25},"end":{"line":545,"column":50}},"213":{"start":{"line":546,"column":8},"end":{"line":546,"column":78}},"214":{"start":{"line":549,"column":4},"end":{"line":588,"column":5}},"215":{"start":{"line":550,"column":23},"end":{"line":550,"column":64}},"216":{"start":{"line":552,"column":6},"end":{"line":555,"column":7}},"217":{"start":{"line":553,"column":8},"end":{"line":553,"column":84}},"218":{"start":{"line":554,"column":8},"end":{"line":554,"column":17}},"219":{"start":{"line":557,"column":6},"end":{"line":587,"column":7}},"220":{"start":{"line":559,"column":23},"end":{"line":559,"column":56}},"221":{"start":{"line":561,"column":8},"end":{"line":582,"column":9}},"222":{"start":{"line":563,"column":33},"end":{"line":563,"column":63}},"223":{"start":{"line":564,"column":10},"end":{"line":564,"column":60}},"224":{"start":{"line":565,"column":29},"end":{"line":565,"column":66}},"225":{"start":{"line":566,"column":10},"end":{"line":566,"column":62}},"226":{"start":{"line":567,"column":10},"end":{"line":567,"column":22}},"227":{"start":{"line":570,"column":10},"end":{"line":574,"column":11}},"228":{"start":{"line":571,"column":12},"end":{"line":573,"column":15}},"229":{"start":{"line":572,"column":14},"end":{"line":572,"column":93}},"230":{"start":{"line":576,"column":10},"end":{"line":576,"column":19}},"231":{"start":{"line":577,"column":27},"end":{"line":579,"column":29}},"232":{"start":{"line":578,"column":37},"end":{"line":578,"column":46}},"233":{"start":{"line":580,"column":10},"end":{"line":580,"column":59}},"234":{"start":{"line":581,"column":10},"end":{"line":581,"column":92}},"235":{"start":{"line":584,"column":8},"end":{"line":584,"column":17}},"236":{"start":{"line":585,"column":8},"end":{"line":585,"column":60}},"237":{"start":{"line":586,"column":8},"end":{"line":586,"column":91}},"238":{"start":{"line":590,"column":4},"end":{"line":590,"column":77}},"239":{"start":{"line":591,"column":4},"end":{"line":591,"column":89}},"240":{"start":{"line":594,"column":2},"end":{"line":594,"column":39}},"241":{"start":{"line":601,"column":24},"end":{"line":603,"column":3}},"242":{"start":{"line":605,"column":2},"end":{"line":611,"column":3}},"243":{"start":{"line":606,"column":21},"end":{"line":606,"column":50}},"244":{"start":{"line":607,"column":4},"end":{"line":610,"column":5}},"245":{"start":{"line":608,"column":6},"end":{"line":608,"column":30}},"246":{"start":{"line":609,"column":6},"end":{"line":609,"column":69}},"247":{"start":{"line":618,"column":31},"end":{"line":620,"column":3}},"248":{"start":{"line":622,"column":16},"end":{"line":622,"column":21}},"249":{"start":{"line":625,"column":2},"end":{"line":646,"column":3}},"250":{"start":{"line":626,"column":4},"end":{"line":645,"column":5}},"251":{"start":{"line":627,"column":26},"end":{"line":627,"column":51}},"252":{"start":{"line":628,"column":6},"end":{"line":644,"column":7}},"253":{"start":{"line":630,"column":25},"end":{"line":642,"column":10}},"254":{"start":{"line":631,"column":10},"end":{"line":640,"column":11}},"255":{"start":{"line":633,"column":32},"end":{"line":635,"column":13}},"256":{"start":{"line":634,"column":14},"end":{"line":634,"column":92}},"257":{"start":{"line":634,"column":64},"end":{"line":634,"column":91}},"258":{"start":{"line":636,"column":12},"end":{"line":639,"column":13}},"259":{"start":{"line":637,"column":14},"end":{"line":637,"column":29}},"260":{"start":{"line":638,"column":14},"end":{"line":638,"column":27}},"261":{"start":{"line":641,"column":10},"end":{"line":641,"column":22}},"262":{"start":{"line":643,"column":8},"end":{"line":643,"column":45}},"263":{"start":{"line":648,"column":2},"end":{"line":650,"column":3}},"264":{"start":{"line":649,"column":4},"end":{"line":649,"column":75}},"265":{"start":{"line":652,"column":2},"end":{"line":652,"column":18}},"266":{"start":{"line":659,"column":2},"end":{"line":662,"column":3}},"267":{"start":{"line":660,"column":4},"end":{"line":660,"column":98}},"268":{"start":{"line":661,"column":4},"end":{"line":661,"column":17}},"269":{"start":{"line":663,"column":2},"end":{"line":672,"column":3}},"270":{"start":{"line":664,"column":20},"end":{"line":664,"column":43}},"271":{"start":{"line":665,"column":4},"end":{"line":668,"column":5}},"272":{"start":{"line":666,"column":6},"end":{"line":666,"column":97}},"273":{"start":{"line":667,"column":6},"end":{"line":667,"column":19}},"274":{"start":{"line":670,"column":4},"end":{"line":670,"column":89}},"275":{"start":{"line":671,"column":4},"end":{"line":671,"column":17}},"276":{"start":{"line":673,"column":2},"end":{"line":673,"column":14}},"277":{"start":{"line":680,"column":2},"end":{"line":683,"column":3}},"278":{"start":{"line":681,"column":4},"end":{"line":681,"column":93}},"279":{"start":{"line":682,"column":4},"end":{"line":682,"column":17}},"280":{"start":{"line":684,"column":2},"end":{"line":684,"column":14}},"281":{"start":{"line":688,"column":17},"end":{"line":688,"column":71}},"282":{"start":{"line":689,"column":2},"end":{"line":691,"column":3}},"283":{"start":{"line":690,"column":4},"end":{"line":690,"column":17}},"284":{"start":{"line":692,"column":18},"end":{"line":692,"column":68}},"285":{"start":{"line":693,"column":2},"end":{"line":693,"column":45}},"286":{"start":{"line":694,"column":18},"end":{"line":694,"column":65}},"287":{"start":{"line":695,"column":2},"end":{"line":705,"column":3}},"288":{"start":{"line":696,"column":4},"end":{"line":698,"column":5}},"289":{"start":{"line":697,"column":6},"end":{"line":697,"column":15}},"290":{"start":{"line":699,"column":4},"end":{"line":701,"column":5}},"291":{"start":{"line":700,"column":6},"end":{"line":700,"column":15}},"292":{"start":{"line":702,"column":20},"end":{"line":702,"column":49}},"293":{"start":{"line":703,"column":21},"end":{"line":703,"column":51}},"294":{"start":{"line":704,"column":4},"end":{"line":704,"column":39}},"295":{"start":{"line":706,"column":2},"end":{"line":706,"column":14}},"296":{"start":{"line":710,"column":2},"end":{"line":710,"column":44}},"297":{"start":{"line":714,"column":16},"end":{"line":714,"column":59}},"298":{"start":{"line":715,"column":2},"end":{"line":717,"column":3}},"299":{"start":{"line":716,"column":4},"end":{"line":716,"column":46}},"300":{"start":{"line":718,"column":2},"end":{"line":718,"column":73}},"301":{"start":{"line":722,"column":16},"end":{"line":722,"column":71}},"302":{"start":{"line":723,"column":2},"end":{"line":723,"column":38}},"303":{"start":{"line":728,"column":19},"end":{"line":728,"column":64}},"304":{"start":{"line":730,"column":2},"end":{"line":755,"column":3}},"305":{"start":{"line":732,"column":4},"end":{"line":732,"column":47}},"306":{"start":{"line":733,"column":4},"end":{"line":737,"column":5}},"307":{"start":{"line":734,"column":6},"end":{"line":736,"column":7}},"308":{"start":{"line":735,"column":8},"end":{"line":735,"column":48}},"309":{"start":{"line":740,"column":22},"end":{"line":740,"column":75}},"310":{"start":{"line":743,"column":4},"end":{"line":752,"column":5}},"311":{"start":{"line":744,"column":20},"end":{"line":744,"column":43}},"312":{"start":{"line":745,"column":6},"end":{"line":751,"column":7}},"313":{"start":{"line":746,"column":8},"end":{"line":750,"column":9}},"314":{"start":{"line":747,"column":26},"end":{"line":747,"column":50}},"315":{"start":{"line":748,"column":26},"end":{"line":748,"column":80}},"316":{"start":{"line":749,"column":10},"end":{"line":749,"column":42}},"317":{"start":{"line":754,"column":4},"end":{"line":754,"column":35}},"318":{"start":{"line":758,"column":2},"end":{"line":760,"column":3}},"319":{"start":{"line":759,"column":4},"end":{"line":759,"column":17}},"320":{"start":{"line":762,"column":2},"end":{"line":762,"column":45}},"321":{"start":{"line":765,"column":2},"end":{"line":769,"column":3}},"322":{"start":{"line":766,"column":4},"end":{"line":768,"column":5}},"323":{"start":{"line":767,"column":6},"end":{"line":767,"column":46}},"324":{"start":{"line":771,"column":18},"end":{"line":771,"column":65}},"325":{"start":{"line":772,"column":2},"end":{"line":795,"column":3}},"326":{"start":{"line":773,"column":4},"end":{"line":775,"column":5}},"327":{"start":{"line":774,"column":6},"end":{"line":774,"column":15}},"328":{"start":{"line":776,"column":20},"end":{"line":776,"column":49}},"329":{"start":{"line":777,"column":16},"end":{"line":777,"column":48}},"330":{"start":{"line":778,"column":34},"end":{"line":778,"column":55}},"331":{"start":{"line":779,"column":17},"end":{"line":779,"column":92}},"332":{"start":{"line":780,"column":24},"end":{"line":780,"column":110}},"333":{"start":{"line":781,"column":24},"end":{"line":781,"column":78}},"334":{"start":{"line":782,"column":31},"end":{"line":790,"column":16}},"335":{"start":{"line":792,"column":21},"end":{"line":792,"column":61}},"336":{"start":{"line":793,"column":21},"end":{"line":793,"column":49}},"337":{"start":{"line":794,"column":4},"end":{"line":794,"column":72}},"338":{"start":{"line":797,"column":2},"end":{"line":797,"column":14}},"339":{"start":{"line":808,"column":25},"end":{"line":808,"column":65}},"340":{"start":{"line":810,"column":14},"end":{"line":810,"column":40}},"341":{"start":{"line":813,"column":15},"end":{"line":813,"column":69}},"342":{"start":{"line":816,"column":20},"end":{"line":816,"column":71}},"343":{"start":{"line":818,"column":24},"end":{"line":820,"column":43}},"344":{"start":{"line":822,"column":2},"end":{"line":822,"column":67}},"345":{"start":{"line":825,"column":18},"end":{"line":825,"column":45}},"346":{"start":{"line":828,"column":19},"end":{"line":828,"column":21}},"347":{"start":{"line":831,"column":2},"end":{"line":831,"column":34}},"348":{"start":{"line":834,"column":17},"end":{"line":834,"column":48}},"349":{"start":{"line":835,"column":18},"end":{"line":835,"column":58}},"350":{"start":{"line":837,"column":2},"end":{"line":837,"column":46}},"351":{"start":{"line":839,"column":2},"end":{"line":845,"column":3}},"352":{"start":{"line":840,"column":20},"end":{"line":840,"column":42}},"353":{"start":{"line":841,"column":21},"end":{"line":841,"column":45}},"354":{"start":{"line":842,"column":4},"end":{"line":844,"column":5}},"355":{"start":{"line":843,"column":6},"end":{"line":843,"column":83}},"356":{"start":{"line":847,"column":2},"end":{"line":851,"column":3}},"357":{"start":{"line":848,"column":4},"end":{"line":848,"column":108}},"358":{"start":{"line":850,"column":4},"end":{"line":850,"column":45}},"359":{"start":{"line":854,"column":19},"end":{"line":854,"column":52}},"360":{"start":{"line":855,"column":2},"end":{"line":875,"column":3}},"361":{"start":{"line":857,"column":4},"end":{"line":857,"column":51}},"362":{"start":{"line":858,"column":4},"end":{"line":864,"column":5}},"363":{"start":{"line":859,"column":6},"end":{"line":863,"column":7}},"364":{"start":{"line":860,"column":8},"end":{"line":862,"column":9}},"365":{"start":{"line":861,"column":10},"end":{"line":861,"column":54}},"366":{"start":{"line":867,"column":22},"end":{"line":867,"column":78}},"367":{"start":{"line":868,"column":4},"end":{"line":871,"column":5}},"368":{"start":{"line":869,"column":24},"end":{"line":869,"column":83}},"369":{"start":{"line":870,"column":6},"end":{"line":870,"column":104}},"370":{"start":{"line":872,"column":4},"end":{"line":874,"column":5}},"371":{"start":{"line":873,"column":6},"end":{"line":873,"column":72}},"372":{"start":{"line":878,"column":24},"end":{"line":878,"column":57}},"373":{"start":{"line":879,"column":2},"end":{"line":914,"column":3}},"374":{"start":{"line":880,"column":27},"end":{"line":880,"column":88}},"375":{"start":{"line":882,"column":4},"end":{"line":913,"column":5}},"376":{"start":{"line":883,"column":6},"end":{"line":883,"column":121}},"377":{"start":{"line":885,"column":6},"end":{"line":889,"column":7}},"378":{"start":{"line":886,"column":8},"end":{"line":888,"column":11}},"379":{"start":{"line":887,"column":10},"end":{"line":887,"column":87}},"380":{"start":{"line":890,"column":6},"end":{"line":890,"column":77}},"381":{"start":{"line":891,"column":11},"end":{"line":913,"column":5}},"382":{"start":{"line":892,"column":6},"end":{"line":892,"column":120}},"383":{"start":{"line":895,"column":6},"end":{"line":912,"column":7}},"384":{"start":{"line":896,"column":26},"end":{"line":900,"column":12}},"385":{"start":{"line":898,"column":29},"end":{"line":898,"column":57}},"386":{"start":{"line":899,"column":12},"end":{"line":899,"column":82}},"387":{"start":{"line":902,"column":8},"end":{"line":909,"column":11}},"388":{"start":{"line":903,"column":28},"end":{"line":903,"column":73}},"389":{"start":{"line":904,"column":10},"end":{"line":908,"column":11}},"390":{"start":{"line":905,"column":26},"end":{"line":905,"column":48}},"391":{"start":{"line":906,"column":27},"end":{"line":906,"column":57}},"392":{"start":{"line":907,"column":12},"end":{"line":907,"column":78}},"393":{"start":{"line":918,"column":20},"end":{"line":918,"column":44}},"394":{"start":{"line":919,"column":2},"end":{"line":940,"column":3}},"395":{"start":{"line":920,"column":4},"end":{"line":920,"column":51}},"396":{"start":{"line":923,"column":25},"end":{"line":923,"column":75}},"397":{"start":{"line":924,"column":4},"end":{"line":934,"column":5}},"398":{"start":{"line":925,"column":6},"end":{"line":933,"column":7}},"399":{"start":{"line":927,"column":25},"end":{"line":927,"column":59}},"400":{"start":{"line":928,"column":8},"end":{"line":932,"column":9}},"401":{"start":{"line":929,"column":24},"end":{"line":929,"column":81}},"402":{"start":{"line":930,"column":10},"end":{"line":930,"column":67}},"403":{"start":{"line":931,"column":10},"end":{"line":931,"column":46}},"404":{"start":{"line":935,"column":4},"end":{"line":939,"column":5}},"405":{"start":{"line":936,"column":6},"end":{"line":936,"column":58}},"406":{"start":{"line":938,"column":6},"end":{"line":938,"column":30}},"407":{"start":{"line":943,"column":22},"end":{"line":943,"column":61}},"408":{"start":{"line":944,"column":2},"end":{"line":944,"column":49}},"409":{"start":{"line":947,"column":27},"end":{"line":947,"column":70}},"410":{"start":{"line":948,"column":28},"end":{"line":948,"column":62}},"411":{"start":{"line":949,"column":2},"end":{"line":962,"column":3}},"412":{"start":{"line":950,"column":26},"end":{"line":950,"column":67}},"413":{"start":{"line":952,"column":37},"end":{"line":952,"column":79}},"414":{"start":{"line":953,"column":25},"end":{"line":953,"column":70}},"415":{"start":{"line":954,"column":4},"end":{"line":954,"column":54}},"416":{"start":{"line":955,"column":4},"end":{"line":959,"column":5}},"417":{"start":{"line":956,"column":6},"end":{"line":956,"column":60}},"418":{"start":{"line":958,"column":6},"end":{"line":958,"column":53}},"419":{"start":{"line":961,"column":4},"end":{"line":961,"column":61}},"420":{"start":{"line":965,"column":23},"end":{"line":965,"column":53}},"421":{"start":{"line":966,"column":24},"end":{"line":966,"column":62}},"422":{"start":{"line":967,"column":2},"end":{"line":974,"column":3}},"423":{"start":{"line":968,"column":4},"end":{"line":968,"column":49}},"424":{"start":{"line":969,"column":4},"end":{"line":973,"column":5}},"425":{"start":{"line":970,"column":6},"end":{"line":970,"column":64}},"426":{"start":{"line":972,"column":6},"end":{"line":972,"column":36}},"427":{"start":{"line":977,"column":22},"end":{"line":977,"column":55}},"428":{"start":{"line":978,"column":2},"end":{"line":978,"column":45}},"429":{"start":{"line":979,"column":2},"end":{"line":983,"column":3}},"430":{"start":{"line":980,"column":4},"end":{"line":980,"column":70}},"431":{"start":{"line":982,"column":4},"end":{"line":982,"column":29}},"432":{"start":{"line":986,"column":19},"end":{"line":986,"column":42}},"433":{"start":{"line":987,"column":2},"end":{"line":1001,"column":3}},"434":{"start":{"line":988,"column":22},"end":{"line":988,"column":51}},"435":{"start":{"line":989,"column":4},"end":{"line":989,"column":49}},"436":{"start":{"line":990,"column":24},"end":{"line":990,"column":48}},"437":{"start":{"line":991,"column":4},"end":{"line":995,"column":5}},"438":{"start":{"line":992,"column":22},"end":{"line":992,"column":48}},"439":{"start":{"line":993,"column":23},"end":{"line":993,"column":50}},"440":{"start":{"line":994,"column":6},"end":{"line":994,"column":41}},"441":{"start":{"line":996,"column":4},"end":{"line":1000,"column":5}},"442":{"start":{"line":997,"column":6},"end":{"line":997,"column":57}},"443":{"start":{"line":999,"column":6},"end":{"line":999,"column":29}},"444":{"start":{"line":1007,"column":23},"end":{"line":1007,"column":49}},"445":{"start":{"line":1008,"column":2},"end":{"line":1021,"column":3}},"446":{"start":{"line":1009,"column":23},"end":{"line":1013,"column":15}},"447":{"start":{"line":1011,"column":25},"end":{"line":1011,"column":53}},"448":{"start":{"line":1012,"column":8},"end":{"line":1012,"column":78}},"449":{"start":{"line":1014,"column":23},"end":{"line":1015,"column":68}},"450":{"start":{"line":1015,"column":19},"end":{"line":1015,"column":60}},"451":{"start":{"line":1016,"column":4},"end":{"line":1016,"column":97}},"452":{"start":{"line":1018,"column":4},"end":{"line":1018,"column":78}},"453":{"start":{"line":1019,"column":4},"end":{"line":1019,"column":70}},"454":{"start":{"line":1019,"column":39},"end":{"line":1019,"column":68}},"455":{"start":{"line":1020,"column":4},"end":{"line":1020,"column":18}},"456":{"start":{"line":1024,"column":2},"end":{"line":1028,"column":3}},"457":{"start":{"line":1025,"column":4},"end":{"line":1025,"column":98}},"458":{"start":{"line":1026,"column":4},"end":{"line":1026,"column":123}},"459":{"start":{"line":1027,"column":4},"end":{"line":1027,"column":20}},"460":{"start":{"line":1031,"column":23},"end":{"line":1031,"column":60}},"461":{"start":{"line":1032,"column":19},"end":{"line":1032,"column":67}},"462":{"start":{"line":1033,"column":28},"end":{"line":1035,"column":40}},"463":{"start":{"line":1036,"column":29},"end":{"line":1038,"column":46}},"464":{"start":{"line":1041,"column":2},"end":{"line":1043,"column":3}},"465":{"start":{"line":1042,"column":4},"end":{"line":1042,"column":24}},"466":{"start":{"line":1044,"column":2},"end":{"line":1046,"column":3}},"467":{"start":{"line":1045,"column":4},"end":{"line":1045,"column":37}},"468":{"start":{"line":1049,"column":27},"end":{"line":1051,"column":3}},"469":{"start":{"line":1050,"column":4},"end":{"line":1050,"column":93}},"470":{"start":{"line":1050,"column":41},"end":{"line":1050,"column":92}},"471":{"start":{"line":1053,"column":2},"end":{"line":1063,"column":3}},"472":{"start":{"line":1054,"column":4},"end":{"line":1061,"column":7}},"473":{"start":{"line":1062,"column":4},"end":{"line":1062,"column":68}},"474":{"start":{"line":1066,"column":2},"end":{"line":1068,"column":3}},"475":{"start":{"line":1067,"column":4},"end":{"line":1067,"column":40}},"476":{"start":{"line":1070,"column":2},"end":{"line":1070,"column":55}},"477":{"start":{"line":1077,"column":14},"end":{"line":1077,"column":40}},"478":{"start":{"line":1080,"column":15},"end":{"line":1080,"column":61}},"479":{"start":{"line":1082,"column":20},"end":{"line":1082,"column":52}},"480":{"start":{"line":1084,"column":2},"end":{"line":1084,"column":86}},"481":{"start":{"line":1087,"column":18},"end":{"line":1087,"column":47}},"482":{"start":{"line":1089,"column":19},"end":{"line":1089,"column":21}},"483":{"start":{"line":1092,"column":17},"end":{"line":1092,"column":48}},"484":{"start":{"line":1093,"column":18},"end":{"line":1093,"column":58}},"485":{"start":{"line":1095,"column":2},"end":{"line":1095,"column":46}},"486":{"start":{"line":1097,"column":2},"end":{"line":1103,"column":3}},"487":{"start":{"line":1098,"column":20},"end":{"line":1098,"column":42}},"488":{"start":{"line":1099,"column":21},"end":{"line":1099,"column":45}},"489":{"start":{"line":1100,"column":4},"end":{"line":1102,"column":5}},"490":{"start":{"line":1101,"column":6},"end":{"line":1101,"column":85}},"491":{"start":{"line":1105,"column":2},"end":{"line":1109,"column":3}},"492":{"start":{"line":1106,"column":4},"end":{"line":1106,"column":108}},"493":{"start":{"line":1108,"column":4},"end":{"line":1108,"column":45}},"494":{"start":{"line":1112,"column":2},"end":{"line":1112,"column":49}},"495":{"start":{"line":1115,"column":27},"end":{"line":1115,"column":70}},"496":{"start":{"line":1116,"column":28},"end":{"line":1116,"column":62}},"497":{"start":{"line":1117,"column":2},"end":{"line":1130,"column":3}},"498":{"start":{"line":1118,"column":26},"end":{"line":1118,"column":67}},"499":{"start":{"line":1120,"column":37},"end":{"line":1120,"column":79}},"500":{"start":{"line":1121,"column":25},"end":{"line":1121,"column":71}},"501":{"start":{"line":1122,"column":4},"end":{"line":1122,"column":54}},"502":{"start":{"line":1123,"column":4},"end":{"line":1127,"column":5}},"503":{"start":{"line":1124,"column":6},"end":{"line":1124,"column":60}},"504":{"start":{"line":1126,"column":6},"end":{"line":1126,"column":53}},"505":{"start":{"line":1129,"column":4},"end":{"line":1129,"column":61}},"506":{"start":{"line":1133,"column":23},"end":{"line":1133,"column":53}},"507":{"start":{"line":1134,"column":24},"end":{"line":1134,"column":62}},"508":{"start":{"line":1135,"column":2},"end":{"line":1142,"column":3}},"509":{"start":{"line":1136,"column":4},"end":{"line":1136,"column":49}},"510":{"start":{"line":1137,"column":4},"end":{"line":1141,"column":5}},"511":{"start":{"line":1138,"column":6},"end":{"line":1138,"column":64}},"512":{"start":{"line":1140,"column":6},"end":{"line":1140,"column":57}},"513":{"start":{"line":1144,"column":22},"end":{"line":1144,"column":55}},"514":{"start":{"line":1145,"column":2},"end":{"line":1145,"column":45}},"515":{"start":{"line":1146,"column":2},"end":{"line":1150,"column":3}},"516":{"start":{"line":1147,"column":4},"end":{"line":1147,"column":70}},"517":{"start":{"line":1149,"column":4},"end":{"line":1149,"column":50}},"518":{"start":{"line":1153,"column":20},"end":{"line":1153,"column":44}},"519":{"start":{"line":1155,"column":2},"end":{"line":1159,"column":3}},"520":{"start":{"line":1156,"column":4},"end":{"line":1156,"column":64}},"521":{"start":{"line":1158,"column":4},"end":{"line":1158,"column":28}},"522":{"start":{"line":1162,"column":24},"end":{"line":1162,"column":57}},"523":{"start":{"line":1163,"column":23},"end":{"line":1163,"column":55}},"524":{"start":{"line":1164,"column":23},"end":{"line":1164,"column":56}},"525":{"start":{"line":1165,"column":2},"end":{"line":1198,"column":3}},"526":{"start":{"line":1166,"column":4},"end":{"line":1166,"column":52}},"527":{"start":{"line":1168,"column":27},"end":{"line":1168,"column":90}},"528":{"start":{"line":1170,"column":4},"end":{"line":1197,"column":5}},"529":{"start":{"line":1171,"column":6},"end":{"line":1171,"column":121}},"530":{"start":{"line":1172,"column":6},"end":{"line":1172,"column":77}},"531":{"start":{"line":1173,"column":11},"end":{"line":1197,"column":5}},"532":{"start":{"line":1174,"column":6},"end":{"line":1174,"column":121}},"533":{"start":{"line":1177,"column":6},"end":{"line":1196,"column":7}},"534":{"start":{"line":1178,"column":26},"end":{"line":1182,"column":12}},"535":{"start":{"line":1180,"column":29},"end":{"line":1180,"column":58}},"536":{"start":{"line":1181,"column":12},"end":{"line":1181,"column":82}},"537":{"start":{"line":1184,"column":8},"end":{"line":1191,"column":11}},"538":{"start":{"line":1185,"column":28},"end":{"line":1185,"column":74}},"539":{"start":{"line":1186,"column":10},"end":{"line":1190,"column":11}},"540":{"start":{"line":1187,"column":26},"end":{"line":1187,"column":48}},"541":{"start":{"line":1188,"column":27},"end":{"line":1188,"column":57}},"542":{"start":{"line":1189,"column":12},"end":{"line":1189,"column":78}},"543":{"start":{"line":1193,"column":8},"end":{"line":1193,"column":71}},"544":{"start":{"line":1201,"column":26},"end":{"line":1201,"column":79}},"545":{"start":{"line":1202,"column":27},"end":{"line":1202,"column":74}},"546":{"start":{"line":1203,"column":2},"end":{"line":1215,"column":3}},"547":{"start":{"line":1204,"column":4},"end":{"line":1214,"column":5}},"548":{"start":{"line":1205,"column":6},"end":{"line":1205,"column":51}},"549":{"start":{"line":1206,"column":6},"end":{"line":1206,"column":57}},"550":{"start":{"line":1207,"column":6},"end":{"line":1211,"column":7}},"551":{"start":{"line":1208,"column":8},"end":{"line":1208,"column":77}},"552":{"start":{"line":1210,"column":8},"end":{"line":1210,"column":57}},"553":{"start":{"line":1213,"column":6},"end":{"line":1213,"column":91}},"554":{"start":{"line":1218,"column":2},"end":{"line":1222,"column":3}},"555":{"start":{"line":1219,"column":4},"end":{"line":1219,"column":72}},"556":{"start":{"line":1221,"column":4},"end":{"line":1221,"column":37}},"557":{"start":{"line":1225,"column":23},"end":{"line":1225,"column":50}},"558":{"start":{"line":1226,"column":2},"end":{"line":1236,"column":3}},"559":{"start":{"line":1227,"column":23},"end":{"line":1228,"column":44}},"560":{"start":{"line":1228,"column":19},"end":{"line":1228,"column":36}},"561":{"start":{"line":1229,"column":23},"end":{"line":1230,"column":50}},"562":{"start":{"line":1230,"column":19},"end":{"line":1230,"column":42}},"563":{"start":{"line":1231,"column":4},"end":{"line":1231,"column":97}},"564":{"start":{"line":1233,"column":4},"end":{"line":1233,"column":78}},"565":{"start":{"line":1234,"column":4},"end":{"line":1234,"column":70}},"566":{"start":{"line":1234,"column":39},"end":{"line":1234,"column":68}},"567":{"start":{"line":1235,"column":4},"end":{"line":1235,"column":18}},"568":{"start":{"line":1238,"column":2},"end":{"line":1241,"column":3}},"569":{"start":{"line":1239,"column":4},"end":{"line":1239,"column":98}},"570":{"start":{"line":1240,"column":4},"end":{"line":1240,"column":20}},"571":{"start":{"line":1244,"column":2},"end":{"line":1246,"column":3}},"572":{"start":{"line":1245,"column":4},"end":{"line":1245,"column":42}},"573":{"start":{"line":1248,"column":2},"end":{"line":1250,"column":3}},"574":{"start":{"line":1258,"column":25},"end":{"line":1258,"column":65}},"575":{"start":{"line":1260,"column":14},"end":{"line":1260,"column":40}},"576":{"start":{"line":1263,"column":15},"end":{"line":1263,"column":68}},"577":{"start":{"line":1265,"column":19},"end":{"line":1265,"column":69}},"578":{"start":{"line":1267,"column":24},"end":{"line":1269,"column":42}},"579":{"start":{"line":1271,"column":2},"end":{"line":1271,"column":84}},"580":{"start":{"line":1274,"column":18},"end":{"line":1274,"column":47}},"581":{"start":{"line":1276,"column":19},"end":{"line":1276,"column":21}},"582":{"start":{"line":1279,"column":17},"end":{"line":1279,"column":48}},"583":{"start":{"line":1280,"column":18},"end":{"line":1280,"column":58}},"584":{"start":{"line":1282,"column":2},"end":{"line":1282,"column":46}},"585":{"start":{"line":1284,"column":2},"end":{"line":1290,"column":3}},"586":{"start":{"line":1285,"column":20},"end":{"line":1285,"column":42}},"587":{"start":{"line":1286,"column":21},"end":{"line":1286,"column":45}},"588":{"start":{"line":1287,"column":4},"end":{"line":1289,"column":5}},"589":{"start":{"line":1288,"column":6},"end":{"line":1288,"column":81}},"590":{"start":{"line":1292,"column":2},"end":{"line":1296,"column":3}},"591":{"start":{"line":1293,"column":4},"end":{"line":1293,"column":108}},"592":{"start":{"line":1295,"column":4},"end":{"line":1295,"column":45}},"593":{"start":{"line":1299,"column":2},"end":{"line":1299,"column":51}},"594":{"start":{"line":1302,"column":21},"end":{"line":1302,"column":64}},"595":{"start":{"line":1303,"column":22},"end":{"line":1303,"column":58}},"596":{"start":{"line":1304,"column":2},"end":{"line":1311,"column":3}},"597":{"start":{"line":1305,"column":26},"end":{"line":1305,"column":61}},"598":{"start":{"line":1307,"column":37},"end":{"line":1307,"column":79}},"599":{"start":{"line":1308,"column":25},"end":{"line":1308,"column":69}},"600":{"start":{"line":1309,"column":4},"end":{"line":1309,"column":48}},"601":{"start":{"line":1310,"column":4},"end":{"line":1310,"column":58}},"602":{"start":{"line":1318,"column":23},"end":{"line":1318,"column":53}},"603":{"start":{"line":1319,"column":24},"end":{"line":1319,"column":64}},"604":{"start":{"line":1320,"column":2},"end":{"line":1327,"column":3}},"605":{"start":{"line":1321,"column":4},"end":{"line":1321,"column":49}},"606":{"start":{"line":1322,"column":4},"end":{"line":1326,"column":5}},"607":{"start":{"line":1323,"column":6},"end":{"line":1323,"column":64}},"608":{"start":{"line":1325,"column":6},"end":{"line":1325,"column":57}},"609":{"start":{"line":1329,"column":22},"end":{"line":1329,"column":57}},"610":{"start":{"line":1330,"column":2},"end":{"line":1330,"column":45}},"611":{"start":{"line":1331,"column":2},"end":{"line":1335,"column":3}},"612":{"start":{"line":1332,"column":4},"end":{"line":1332,"column":70}},"613":{"start":{"line":1334,"column":4},"end":{"line":1334,"column":50}},"614":{"start":{"line":1338,"column":19},"end":{"line":1338,"column":52}},"615":{"start":{"line":1339,"column":2},"end":{"line":1371,"column":3}},"616":{"start":{"line":1341,"column":26},"end":{"line":1341,"column":62}},"617":{"start":{"line":1342,"column":4},"end":{"line":1342,"column":53}},"618":{"start":{"line":1345,"column":22},"end":{"line":1345,"column":79}},"619":{"start":{"line":1347,"column":4},"end":{"line":1370,"column":5}},"620":{"start":{"line":1349,"column":25},"end":{"line":1349,"column":85}},"621":{"start":{"line":1349,"column":67},"end":{"line":1349,"column":84}},"622":{"start":{"line":1350,"column":6},"end":{"line":1359,"column":7}},"623":{"start":{"line":1351,"column":26},"end":{"line":1351,"column":61}},"624":{"start":{"line":1352,"column":29},"end":{"line":1352,"column":63}},"625":{"start":{"line":1353,"column":29},"end":{"line":1353,"column":79}},"626":{"start":{"line":1355,"column":26},"end":{"line":1355,"column":54}},"627":{"start":{"line":1356,"column":30},"end":{"line":1356,"column":63}},"628":{"start":{"line":1357,"column":8},"end":{"line":1357,"column":55}},"629":{"start":{"line":1358,"column":8},"end":{"line":1358,"column":77}},"630":{"start":{"line":1362,"column":6},"end":{"line":1362,"column":52}},"631":{"start":{"line":1364,"column":6},"end":{"line":1369,"column":7}},"632":{"start":{"line":1365,"column":26},"end":{"line":1365,"column":85}},"633":{"start":{"line":1366,"column":8},"end":{"line":1366,"column":119}},"634":{"start":{"line":1368,"column":8},"end":{"line":1368,"column":32}},"635":{"start":{"line":1374,"column":20},"end":{"line":1374,"column":55}},"636":{"start":{"line":1375,"column":2},"end":{"line":1396,"column":3}},"637":{"start":{"line":1376,"column":23},"end":{"line":1376,"column":85}},"638":{"start":{"line":1376,"column":61},"end":{"line":1376,"column":84}},"639":{"start":{"line":1377,"column":4},"end":{"line":1390,"column":5}},"640":{"start":{"line":1378,"column":24},"end":{"line":1378,"column":58}},"641":{"start":{"line":1379,"column":28},"end":{"line":1379,"column":61}},"642":{"start":{"line":1382,"column":6},"end":{"line":1389,"column":7}},"643":{"start":{"line":1383,"column":26},"end":{"line":1383,"column":57}},"644":{"start":{"line":1384,"column":29},"end":{"line":1384,"column":63}},"645":{"start":{"line":1385,"column":29},"end":{"line":1385,"column":79}},"646":{"start":{"line":1387,"column":8},"end":{"line":1387,"column":55}},"647":{"start":{"line":1388,"column":8},"end":{"line":1388,"column":77}},"648":{"start":{"line":1391,"column":4},"end":{"line":1395,"column":5}},"649":{"start":{"line":1392,"column":6},"end":{"line":1392,"column":79}},"650":{"start":{"line":1394,"column":6},"end":{"line":1394,"column":30}},"651":{"start":{"line":1399,"column":24},"end":{"line":1399,"column":57}},"652":{"start":{"line":1400,"column":2},"end":{"line":1433,"column":3}},"653":{"start":{"line":1402,"column":25},"end":{"line":1402,"column":54}},"654":{"start":{"line":1403,"column":4},"end":{"line":1403,"column":52}},"655":{"start":{"line":1405,"column":27},"end":{"line":1405,"column":88}},"656":{"start":{"line":1407,"column":4},"end":{"line":1432,"column":5}},"657":{"start":{"line":1408,"column":6},"end":{"line":1408,"column":121}},"658":{"start":{"line":1409,"column":6},"end":{"line":1409,"column":77}},"659":{"start":{"line":1410,"column":11},"end":{"line":1432,"column":5}},"660":{"start":{"line":1411,"column":6},"end":{"line":1411,"column":121}},"661":{"start":{"line":1414,"column":6},"end":{"line":1431,"column":7}},"662":{"start":{"line":1415,"column":26},"end":{"line":1419,"column":12}},"663":{"start":{"line":1417,"column":29},"end":{"line":1417,"column":58}},"664":{"start":{"line":1418,"column":12},"end":{"line":1418,"column":82}},"665":{"start":{"line":1421,"column":8},"end":{"line":1428,"column":11}},"666":{"start":{"line":1422,"column":28},"end":{"line":1422,"column":74}},"667":{"start":{"line":1423,"column":10},"end":{"line":1427,"column":11}},"668":{"start":{"line":1424,"column":26},"end":{"line":1424,"column":48}},"669":{"start":{"line":1425,"column":27},"end":{"line":1425,"column":57}},"670":{"start":{"line":1426,"column":12},"end":{"line":1426,"column":78}},"671":{"start":{"line":1436,"column":23},"end":{"line":1436,"column":48}},"672":{"start":{"line":1437,"column":2},"end":{"line":1447,"column":3}},"673":{"start":{"line":1438,"column":23},"end":{"line":1439,"column":44}},"674":{"start":{"line":1439,"column":19},"end":{"line":1439,"column":36}},"675":{"start":{"line":1440,"column":22},"end":{"line":1441,"column":79}},"676":{"start":{"line":1441,"column":19},"end":{"line":1441,"column":71}},"677":{"start":{"line":1442,"column":4},"end":{"line":1442,"column":102}},"678":{"start":{"line":1444,"column":4},"end":{"line":1444,"column":78}},"679":{"start":{"line":1445,"column":4},"end":{"line":1445,"column":70}},"680":{"start":{"line":1445,"column":39},"end":{"line":1445,"column":68}},"681":{"start":{"line":1446,"column":4},"end":{"line":1446,"column":18}},"682":{"start":{"line":1449,"column":2},"end":{"line":1452,"column":3}},"683":{"start":{"line":1450,"column":4},"end":{"line":1450,"column":98}},"684":{"start":{"line":1451,"column":4},"end":{"line":1451,"column":20}},"685":{"start":{"line":1455,"column":2},"end":{"line":1457,"column":3}},"686":{"start":{"line":1456,"column":4},"end":{"line":1456,"column":42}},"687":{"start":{"line":1459,"column":2},"end":{"line":1461,"column":3}},"688":{"start":{"line":1468,"column":2},"end":{"line":1474,"column":3}},"689":{"start":{"line":1469,"column":4},"end":{"line":1472,"column":6}},"690":{"start":{"line":1473,"column":4},"end":{"line":1473,"column":61}},"691":{"start":{"line":1477,"column":2},"end":{"line":1477,"column":40}},"692":{"start":{"line":1479,"column":2},"end":{"line":1481,"column":3}},"693":{"start":{"line":1488,"column":19},"end":{"line":1488,"column":40}},"694":{"start":{"line":1489,"column":24},"end":{"line":1491,"column":27}},"695":{"start":{"line":1490,"column":34},"end":{"line":1490,"column":45}},"696":{"start":{"line":1491,"column":23},"end":{"line":1491,"column":26}},"697":{"start":{"line":1493,"column":2},"end":{"line":1499,"column":3}},"698":{"start":{"line":1494,"column":4},"end":{"line":1494,"column":77}},"699":{"start":{"line":1495,"column":4},"end":{"line":1495,"column":65}},"700":{"start":{"line":1496,"column":4},"end":{"line":1496,"column":80}},"701":{"start":{"line":1497,"column":4},"end":{"line":1497,"column":62}},"702":{"start":{"line":1498,"column":4},"end":{"line":1498,"column":20}},"703":{"start":{"line":1501,"column":2},"end":{"line":1501,"column":94}},"704":{"start":{"line":1503,"column":18},"end":{"line":1503,"column":20}},"705":{"start":{"line":1506,"column":2},"end":{"line":1532,"column":3}},"706":{"start":{"line":1507,"column":4},"end":{"line":1507,"column":58}},"707":{"start":{"line":1508,"column":4},"end":{"line":1531,"column":5}},"708":{"start":{"line":1509,"column":60},"end":{"line":1509,"column":73}},"709":{"start":{"line":1511,"column":6},"end":{"line":1511,"column":70}},"710":{"start":{"line":1514,"column":19},"end":{"line":1514,"column":52}},"711":{"start":{"line":1515,"column":27},"end":{"line":1515,"column":53}},"712":{"start":{"line":1516,"column":27},"end":{"line":1517,"column":79}},"713":{"start":{"line":1517,"column":50},"end":{"line":1517,"column":67}},"714":{"start":{"line":1518,"column":25},"end":{"line":1519,"column":83}},"715":{"start":{"line":1519,"column":48},"end":{"line":1519,"column":71}},"716":{"start":{"line":1521,"column":6},"end":{"line":1527,"column":9}},"717":{"start":{"line":1529,"column":6},"end":{"line":1529,"column":89}},"718":{"start":{"line":1530,"column":6},"end":{"line":1530,"column":79}},"719":{"start":{"line":1535,"column":2},"end":{"line":1560,"column":3}},"720":{"start":{"line":1536,"column":4},"end":{"line":1536,"column":65}},"721":{"start":{"line":1537,"column":4},"end":{"line":1559,"column":5}},"722":{"start":{"line":1538,"column":31},"end":{"line":1538,"column":66}},"723":{"start":{"line":1539,"column":6},"end":{"line":1539,"column":39}},"724":{"start":{"line":1542,"column":19},"end":{"line":1542,"column":72}},"725":{"start":{"line":1543,"column":27},"end":{"line":1543,"column":54}},"726":{"start":{"line":1544,"column":25},"end":{"line":1545,"column":77}},"727":{"start":{"line":1545,"column":48},"end":{"line":1545,"column":65}},"728":{"start":{"line":1546,"column":25},"end":{"line":1547,"column":83}},"729":{"start":{"line":1547,"column":48},"end":{"line":1547,"column":71}},"730":{"start":{"line":1549,"column":6},"end":{"line":1555,"column":9}},"731":{"start":{"line":1557,"column":6},"end":{"line":1557,"column":90}},"732":{"start":{"line":1558,"column":6},"end":{"line":1558,"column":86}},"733":{"start":{"line":1563,"column":2},"end":{"line":1587,"column":3}},"734":{"start":{"line":1564,"column":4},"end":{"line":1564,"column":56}},"735":{"start":{"line":1565,"column":4},"end":{"line":1586,"column":5}},"736":{"start":{"line":1566,"column":6},"end":{"line":1566,"column":25}},"737":{"start":{"line":1569,"column":19},"end":{"line":1569,"column":51}},"738":{"start":{"line":1570,"column":27},"end":{"line":1570,"column":52}},"739":{"start":{"line":1571,"column":25},"end":{"line":1572,"column":77}},"740":{"start":{"line":1572,"column":48},"end":{"line":1572,"column":65}},"741":{"start":{"line":1573,"column":24},"end":{"line":1574,"column":112}},"742":{"start":{"line":1574,"column":48},"end":{"line":1574,"column":100}},"743":{"start":{"line":1576,"column":6},"end":{"line":1582,"column":9}},"744":{"start":{"line":1584,"column":6},"end":{"line":1584,"column":88}},"745":{"start":{"line":1585,"column":6},"end":{"line":1585,"column":77}},"746":{"start":{"line":1590,"column":2},"end":{"line":1590,"column":67}},"747":{"start":{"line":1591,"column":2},"end":{"line":1602,"column":5}},"748":{"start":{"line":1592,"column":19},"end":{"line":1592,"column":78}},"749":{"start":{"line":1593,"column":15},"end":{"line":1593,"column":42}},"750":{"start":{"line":1595,"column":4},"end":{"line":1599,"column":5}},"751":{"start":{"line":1596,"column":6},"end":{"line":1596,"column":86}},"752":{"start":{"line":1597,"column":11},"end":{"line":1599,"column":5}},"753":{"start":{"line":1598,"column":6},"end":{"line":1598,"column":49}},"754":{"start":{"line":1601,"column":4},"end":{"line":1601,"column":22}},"755":{"start":{"line":1604,"column":23},"end":{"line":1604,"column":60}},"756":{"start":{"line":1604,"column":43},"end":{"line":1604,"column":52}},"757":{"start":{"line":1605,"column":2},"end":{"line":1605,"column":95}},"758":{"start":{"line":1606,"column":2},"end":{"line":1606,"column":59}},"759":{"start":{"line":1607,"column":2},"end":{"line":1607,"column":67}},"760":{"start":{"line":1608,"column":2},"end":{"line":1608,"column":67}},"761":{"start":{"line":1609,"column":2},"end":{"line":1609,"column":69}},"762":{"start":{"line":1616,"column":22},"end":{"line":1616,"column":49}},"763":{"start":{"line":1619,"column":2},"end":{"line":1622,"column":3}},"764":{"start":{"line":1620,"column":4},"end":{"line":1620,"column":19}},"765":{"start":{"line":1621,"column":4},"end":{"line":1621,"column":11}},"766":{"start":{"line":1625,"column":2},"end":{"line":1628,"column":3}},"767":{"start":{"line":1626,"column":4},"end":{"line":1626,"column":19}},"768":{"start":{"line":1627,"column":4},"end":{"line":1627,"column":11}},"769":{"start":{"line":1631,"column":2},"end":{"line":1637,"column":3}},"770":{"start":{"line":1632,"column":4},"end":{"line":1632,"column":87}},"771":{"start":{"line":1633,"column":4},"end":{"line":1633,"column":110}},"772":{"start":{"line":1634,"column":4},"end":{"line":1634,"column":101}},"773":{"start":{"line":1635,"column":4},"end":{"line":1635,"column":20}},"774":{"start":{"line":1636,"column":4},"end":{"line":1636,"column":11}},"775":{"start":{"line":1640,"column":22},"end":{"line":1640,"column":90}},"776":{"start":{"line":1642,"column":13},"end":{"line":1645,"column":4}},"777":{"start":{"line":1647,"column":2},"end":{"line":1660,"column":3}},"778":{"start":{"line":1662,"column":2},"end":{"line":1666,"column":5}},"779":{"start":{"line":1663,"column":4},"end":{"line":1663,"column":15}},"780":{"start":{"line":1664,"column":19},"end":{"line":1664,"column":39}},"781":{"start":{"line":1665,"column":4},"end":{"line":1665,"column":29}},"782":{"start":{"line":1675,"column":2},"end":{"line":1682,"column":3}},"783":{"start":{"line":1676,"column":4},"end":{"line":1676,"column":104}},"784":{"start":{"line":1677,"column":58},"end":{"line":1677,"column":71}},"785":{"start":{"line":1678,"column":4},"end":{"line":1680,"column":7}},"786":{"start":{"line":1679,"column":6},"end":{"line":1679,"column":88}},"787":{"start":{"line":1681,"column":4},"end":{"line":1681,"column":11}},"788":{"start":{"line":1684,"column":13},"end":{"line":1687,"column":4}},"789":{"start":{"line":1690,"column":17},"end":{"line":1690,"column":22}},"790":{"start":{"line":1693,"column":2},"end":{"line":1698,"column":5}},"791":{"start":{"line":1694,"column":4},"end":{"line":1694,"column":20}},"792":{"start":{"line":1695,"column":4},"end":{"line":1695,"column":85}},"793":{"start":{"line":1696,"column":4},"end":{"line":1696,"column":15}},"794":{"start":{"line":1697,"column":4},"end":{"line":1697,"column":20}},"795":{"start":{"line":1701,"column":2},"end":{"line":1710,"column":5}},"796":{"start":{"line":1702,"column":4},"end":{"line":1709,"column":5}},"797":{"start":{"line":1703,"column":6},"end":{"line":1703,"column":22}},"798":{"start":{"line":1704,"column":6},"end":{"line":1704,"column":94}},"799":{"start":{"line":1705,"column":60},"end":{"line":1705,"column":73}},"800":{"start":{"line":1706,"column":6},"end":{"line":1708,"column":9}},"801":{"start":{"line":1707,"column":8},"end":{"line":1707,"column":90}},"802":{"start":{"line":1712,"column":20},"end":{"line":1712,"column":96}},"803":{"start":{"line":1713,"column":21},"end":{"line":1713,"column":68}},"804":{"start":{"line":1714,"column":22},"end":{"line":1714,"column":59}},"805":{"start":{"line":1716,"column":2},"end":{"line":1723,"column":3}},"806":{"start":{"line":1725,"column":2},"end":{"line":1746,"column":5}},"807":{"start":{"line":1726,"column":4},"end":{"line":1726,"column":20}},"808":{"start":{"line":1727,"column":4},"end":{"line":1727,"column":15}},"809":{"start":{"line":1728,"column":19},"end":{"line":1728,"column":39}},"810":{"start":{"line":1729,"column":4},"end":{"line":1732,"column":5}},"811":{"start":{"line":1730,"column":6},"end":{"line":1730,"column":58}},"812":{"start":{"line":1731,"column":6},"end":{"line":1731,"column":13}},"813":{"start":{"line":1733,"column":4},"end":{"line":1736,"column":5}},"814":{"start":{"line":1734,"column":6},"end":{"line":1734,"column":26}},"815":{"start":{"line":1735,"column":6},"end":{"line":1735,"column":13}},"816":{"start":{"line":1737,"column":4},"end":{"line":1740,"column":5}},"817":{"start":{"line":1738,"column":6},"end":{"line":1738,"column":25}},"818":{"start":{"line":1739,"column":6},"end":{"line":1739,"column":13}},"819":{"start":{"line":1741,"column":21},"end":{"line":1741,"column":35}},"820":{"start":{"line":1742,"column":58},"end":{"line":1742,"column":75}},"821":{"start":{"line":1743,"column":4},"end":{"line":1745,"column":7}},"822":{"start":{"line":1744,"column":6},"end":{"line":1744,"column":88}},"823":{"start":{"line":1750,"column":2},"end":{"line":1794,"column":3}},"824":{"start":{"line":1751,"column":4},"end":{"line":1751,"column":81}},"825":{"start":{"line":1752,"column":4},"end":{"line":1752,"column":20}},"826":{"start":{"line":1753,"column":9},"end":{"line":1794,"column":3}},"827":{"start":{"line":1754,"column":4},"end":{"line":1754,"column":87}},"828":{"start":{"line":1755,"column":4},"end":{"line":1755,"column":20}},"829":{"start":{"line":1756,"column":9},"end":{"line":1794,"column":3}},"830":{"start":{"line":1757,"column":4},"end":{"line":1757,"column":90}},"831":{"start":{"line":1758,"column":4},"end":{"line":1758,"column":20}},"832":{"start":{"line":1759,"column":9},"end":{"line":1794,"column":3}},"833":{"start":{"line":1760,"column":4},"end":{"line":1760,"column":94}},"834":{"start":{"line":1761,"column":4},"end":{"line":1761,"column":20}},"835":{"start":{"line":1762,"column":9},"end":{"line":1794,"column":3}},"836":{"start":{"line":1763,"column":4},"end":{"line":1763,"column":78}},"837":{"start":{"line":1764,"column":4},"end":{"line":1764,"column":20}},"838":{"start":{"line":1765,"column":9},"end":{"line":1794,"column":3}},"839":{"start":{"line":1766,"column":4},"end":{"line":1766,"column":79}},"840":{"start":{"line":1767,"column":4},"end":{"line":1767,"column":20}},"841":{"start":{"line":1768,"column":9},"end":{"line":1794,"column":3}},"842":{"start":{"line":1769,"column":4},"end":{"line":1769,"column":83}},"843":{"start":{"line":1770,"column":4},"end":{"line":1770,"column":20}},"844":{"start":{"line":1771,"column":9},"end":{"line":1794,"column":3}},"845":{"start":{"line":1772,"column":4},"end":{"line":1772,"column":77}},"846":{"start":{"line":1773,"column":4},"end":{"line":1773,"column":20}},"847":{"start":{"line":1774,"column":9},"end":{"line":1794,"column":3}},"848":{"start":{"line":1775,"column":4},"end":{"line":1775,"column":56}},"849":{"start":{"line":1776,"column":9},"end":{"line":1794,"column":3}},"850":{"start":{"line":1777,"column":4},"end":{"line":1777,"column":24}},"851":{"start":{"line":1778,"column":9},"end":{"line":1794,"column":3}},"852":{"start":{"line":1779,"column":4},"end":{"line":1779,"column":23}},"853":{"start":{"line":1780,"column":9},"end":{"line":1794,"column":3}},"854":{"start":{"line":1781,"column":58},"end":{"line":1781,"column":71}},"855":{"start":{"line":1783,"column":4},"end":{"line":1785,"column":7}},"856":{"start":{"line":1784,"column":6},"end":{"line":1784,"column":88}},"857":{"start":{"line":1786,"column":9},"end":{"line":1794,"column":3}},"858":{"start":{"line":1787,"column":58},"end":{"line":1787,"column":72}},"859":{"start":{"line":1789,"column":4},"end":{"line":1791,"column":7}},"860":{"start":{"line":1790,"column":6},"end":{"line":1790,"column":88}},"861":{"start":{"line":1793,"column":4},"end":{"line":1793,"column":21}}},"fnMap":{"0":{"name":"parseConfigDirArg","decl":{"start":{"line":53,"column":9},"end":{"line":53,"column":26}},"loc":{"start":{"line":53,"column":29},"end":{"line":70,"column":1}},"line":53},"1":{"name":"(anonymous_1)","decl":{"start":{"line":54,"column":40},"end":{"line":54,"column":41}},"loc":{"start":{"line":54,"column":47},"end":{"line":54,"column":85}},"line":54},"2":{"name":"(anonymous_2)","decl":{"start":{"line":65,"column":33},"end":{"line":65,"column":34}},"loc":{"start":{"line":65,"column":40},"end":{"line":65,"column":96}},"line":65},"3":{"name":"parseProjectDirArg","decl":{"start":{"line":74,"column":9},"end":{"line":74,"column":27}},"loc":{"start":{"line":74,"column":30},"end":{"line":90,"column":1}},"line":74},"4":{"name":"(anonymous_4)","decl":{"start":{"line":75,"column":41},"end":{"line":75,"column":42}},"loc":{"start":{"line":75,"column":48},"end":{"line":75,"column":71}},"line":75},"5":{"name":"(anonymous_5)","decl":{"start":{"line":85,"column":34},"end":{"line":85,"column":35}},"loc":{"start":{"line":85,"column":41},"end":{"line":85,"column":73}},"line":85},"6":{"name":"main","decl":{"start":{"line":160,"column":16},"end":{"line":160,"column":20}},"loc":{"start":{"line":160,"column":23},"end":{"line":319,"column":1}},"line":160},"7":{"name":"validateAndPrepareInstall","decl":{"start":{"line":242,"column":17},"end":{"line":242,"column":42}},"loc":{"start":{"line":242,"column":65},"end":{"line":273,"column":3}},"line":242},"8":{"name":"(anonymous_8)","decl":{"start":{"line":317,"column":35},"end":{"line":317,"column":36}},"loc":{"start":{"line":317,"column":40},"end":{"line":317,"column":50}},"line":317},"9":{"name":"oldInstallationLogic","decl":{"start":{"line":331,"column":15},"end":{"line":331,"column":35}},"loc":{"start":{"line":331,"column":38},"end":{"line":1796,"column":1}},"line":331},"10":{"name":"(anonymous_10)","decl":{"start":{"line":352,"column":12},"end":{"line":352,"column":13}},"loc":{"start":{"line":352,"column":34},"end":{"line":352,"column":45}},"line":352},"11":{"name":"(anonymous_11)","decl":{"start":{"line":353,"column":9},"end":{"line":353,"column":10}},"loc":{"start":{"line":353,"column":23},"end":{"line":353,"column":26}},"line":353},"12":{"name":"expandTilde","decl":{"start":{"line":389,"column":9},"end":{"line":389,"column":20}},"loc":{"start":{"line":389,"column":31},"end":{"line":394,"column":1}},"line":389},"13":{"name":"readSettings","decl":{"start":{"line":399,"column":9},"end":{"line":399,"column":21}},"loc":{"start":{"line":399,"column":36},"end":{"line":408,"column":1}},"line":399},"14":{"name":"writeSettings","decl":{"start":{"line":413,"column":9},"end":{"line":413,"column":22}},"loc":{"start":{"line":413,"column":47},"end":{"line":415,"column":1}},"line":413},"15":{"name":"copyWithPathReplacement","decl":{"start":{"line":422,"column":9},"end":{"line":422,"column":32}},"loc":{"start":{"line":422,"column":103},"end":{"line":458,"column":1}},"line":422},"16":{"name":"generateAgentsFromSpecs","decl":{"start":{"line":467,"column":9},"end":{"line":467,"column":32}},"loc":{"start":{"line":467,"column":64},"end":{"line":520,"column":1}},"line":467},"17":{"name":"(anonymous_17)","decl":{"start":{"line":478,"column":14},"end":{"line":478,"column":15}},"loc":{"start":{"line":478,"column":22},"end":{"line":478,"column":65}},"line":478},"18":{"name":"(anonymous_18)","decl":{"start":{"line":495,"column":36},"end":{"line":495,"column":37}},"loc":{"start":{"line":495,"column":47},"end":{"line":497,"column":13}},"line":495},"19":{"name":"(anonymous_19)","decl":{"start":{"line":503,"column":32},"end":{"line":503,"column":33}},"loc":{"start":{"line":503,"column":37},"end":{"line":503,"column":46}},"line":503},"20":{"name":"generateSkillsFromSpecs","decl":{"start":{"line":533,"column":9},"end":{"line":533,"column":32}},"loc":{"start":{"line":533,"column":64},"end":{"line":595,"column":1}},"line":533},"21":{"name":"(anonymous_21)","decl":{"start":{"line":544,"column":14},"end":{"line":544,"column":15}},"loc":{"start":{"line":544,"column":22},"end":{"line":547,"column":7}},"line":544},"22":{"name":"(anonymous_22)","decl":{"start":{"line":571,"column":36},"end":{"line":571,"column":37}},"loc":{"start":{"line":571,"column":47},"end":{"line":573,"column":13}},"line":571},"23":{"name":"(anonymous_23)","decl":{"start":{"line":578,"column":32},"end":{"line":578,"column":33}},"loc":{"start":{"line":578,"column":37},"end":{"line":578,"column":46}},"line":578},"24":{"name":"cleanupOrphanedFiles","decl":{"start":{"line":600,"column":9},"end":{"line":600,"column":29}},"loc":{"start":{"line":600,"column":41},"end":{"line":612,"column":1}},"line":600},"25":{"name":"cleanupOrphanedHooks","decl":{"start":{"line":617,"column":9},"end":{"line":617,"column":29}},"loc":{"start":{"line":617,"column":40},"end":{"line":653,"column":1}},"line":617},"26":{"name":"(anonymous_26)","decl":{"start":{"line":630,"column":44},"end":{"line":630,"column":45}},"loc":{"start":{"line":630,"column":53},"end":{"line":642,"column":9}},"line":630},"27":{"name":"(anonymous_27)","decl":{"start":{"line":633,"column":49},"end":{"line":633,"column":50}},"loc":{"start":{"line":634,"column":14},"end":{"line":634,"column":92}},"line":634},"28":{"name":"(anonymous_28)","decl":{"start":{"line":634,"column":53},"end":{"line":634,"column":54}},"loc":{"start":{"line":634,"column":64},"end":{"line":634,"column":91}},"line":634},"29":{"name":"verifyInstalled","decl":{"start":{"line":658,"column":9},"end":{"line":658,"column":24}},"loc":{"start":{"line":658,"column":47},"end":{"line":674,"column":1}},"line":658},"30":{"name":"verifyFileInstalled","decl":{"start":{"line":679,"column":9},"end":{"line":679,"column":28}},"loc":{"start":{"line":679,"column":52},"end":{"line":685,"column":1}},"line":679},"31":{"name":"installIssueTemplates","decl":{"start":{"line":687,"column":9},"end":{"line":687,"column":30}},"loc":{"start":{"line":687,"column":43},"end":{"line":707,"column":1}},"line":687},"32":{"name":"yamlEscape","decl":{"start":{"line":709,"column":9},"end":{"line":709,"column":19}},"loc":{"start":{"line":709,"column":27},"end":{"line":711,"column":1}},"line":709},"33":{"name":"parseFrontMatter","decl":{"start":{"line":713,"column":9},"end":{"line":713,"column":25}},"loc":{"start":{"line":713,"column":35},"end":{"line":719,"column":1}},"line":713},"34":{"name":"getFrontMatterValue","decl":{"start":{"line":721,"column":9},"end":{"line":721,"column":28}},"loc":{"start":{"line":721,"column":47},"end":{"line":724,"column":1}},"line":721},"35":{"name":"copyCopilotAgents","decl":{"start":{"line":726,"column":9},"end":{"line":726,"column":26}},"loc":{"start":{"line":726,"column":56},"end":{"line":798,"column":1}},"line":726},"36":{"name":"install","decl":{"start":{"line":806,"column":9},"end":{"line":806,"column":16}},"loc":{"start":{"line":806,"column":59},"end":{"line":1071,"column":1}},"line":806},"37":{"name":"(anonymous_37)","decl":{"start":{"line":886,"column":38},"end":{"line":886,"column":39}},"loc":{"start":{"line":886,"column":45},"end":{"line":888,"column":9}},"line":886},"38":{"name":"(anonymous_38)","decl":{"start":{"line":897,"column":18},"end":{"line":897,"column":19}},"loc":{"start":{"line":897,"column":26},"end":{"line":900,"column":11}},"line":897},"39":{"name":"(anonymous_39)","decl":{"start":{"line":902,"column":26},"end":{"line":902,"column":27}},"loc":{"start":{"line":902,"column":39},"end":{"line":909,"column":9}},"line":902},"40":{"name":"(anonymous_40)","decl":{"start":{"line":1010,"column":14},"end":{"line":1010,"column":15}},"loc":{"start":{"line":1010,"column":22},"end":{"line":1013,"column":7}},"line":1010},"41":{"name":"(anonymous_41)","decl":{"start":{"line":1015,"column":14},"end":{"line":1015,"column":15}},"loc":{"start":{"line":1015,"column":19},"end":{"line":1015,"column":60}},"line":1015},"42":{"name":"(anonymous_42)","decl":{"start":{"line":1019,"column":32},"end":{"line":1019,"column":33}},"loc":{"start":{"line":1019,"column":39},"end":{"line":1019,"column":68}},"line":1019},"43":{"name":"(anonymous_43)","decl":{"start":{"line":1049,"column":60},"end":{"line":1049,"column":61}},"loc":{"start":{"line":1050,"column":4},"end":{"line":1050,"column":93}},"line":1050},"44":{"name":"(anonymous_44)","decl":{"start":{"line":1050,"column":36},"end":{"line":1050,"column":37}},"loc":{"start":{"line":1050,"column":41},"end":{"line":1050,"column":92}},"line":1050},"45":{"name":"installCopilot","decl":{"start":{"line":1076,"column":9},"end":{"line":1076,"column":23}},"loc":{"start":{"line":1076,"column":87},"end":{"line":1251,"column":1}},"line":1076},"46":{"name":"(anonymous_46)","decl":{"start":{"line":1179,"column":18},"end":{"line":1179,"column":19}},"loc":{"start":{"line":1179,"column":26},"end":{"line":1182,"column":11}},"line":1179},"47":{"name":"(anonymous_47)","decl":{"start":{"line":1184,"column":26},"end":{"line":1184,"column":27}},"loc":{"start":{"line":1184,"column":39},"end":{"line":1191,"column":9}},"line":1184},"48":{"name":"(anonymous_48)","decl":{"start":{"line":1228,"column":14},"end":{"line":1228,"column":15}},"loc":{"start":{"line":1228,"column":19},"end":{"line":1228,"column":36}},"line":1228},"49":{"name":"(anonymous_49)","decl":{"start":{"line":1230,"column":14},"end":{"line":1230,"column":15}},"loc":{"start":{"line":1230,"column":19},"end":{"line":1230,"column":42}},"line":1230},"50":{"name":"(anonymous_50)","decl":{"start":{"line":1234,"column":32},"end":{"line":1234,"column":33}},"loc":{"start":{"line":1234,"column":39},"end":{"line":1234,"column":68}},"line":1234},"51":{"name":"installCodex","decl":{"start":{"line":1256,"column":9},"end":{"line":1256,"column":21}},"loc":{"start":{"line":1256,"column":64},"end":{"line":1462,"column":1}},"line":1256},"52":{"name":"(anonymous_52)","decl":{"start":{"line":1349,"column":62},"end":{"line":1349,"column":63}},"loc":{"start":{"line":1349,"column":67},"end":{"line":1349,"column":84}},"line":1349},"53":{"name":"(anonymous_53)","decl":{"start":{"line":1376,"column":56},"end":{"line":1376,"column":57}},"loc":{"start":{"line":1376,"column":61},"end":{"line":1376,"column":84}},"line":1376},"54":{"name":"(anonymous_54)","decl":{"start":{"line":1416,"column":18},"end":{"line":1416,"column":19}},"loc":{"start":{"line":1416,"column":26},"end":{"line":1419,"column":11}},"line":1416},"55":{"name":"(anonymous_55)","decl":{"start":{"line":1421,"column":26},"end":{"line":1421,"column":27}},"loc":{"start":{"line":1421,"column":39},"end":{"line":1428,"column":9}},"line":1421},"56":{"name":"(anonymous_56)","decl":{"start":{"line":1439,"column":14},"end":{"line":1439,"column":15}},"loc":{"start":{"line":1439,"column":19},"end":{"line":1439,"column":36}},"line":1439},"57":{"name":"(anonymous_57)","decl":{"start":{"line":1441,"column":14},"end":{"line":1441,"column":15}},"loc":{"start":{"line":1441,"column":19},"end":{"line":1441,"column":71}},"line":1441},"58":{"name":"(anonymous_58)","decl":{"start":{"line":1445,"column":32},"end":{"line":1445,"column":33}},"loc":{"start":{"line":1445,"column":39},"end":{"line":1445,"column":68}},"line":1445},"59":{"name":"finishInstall","decl":{"start":{"line":1467,"column":9},"end":{"line":1467,"column":22}},"loc":{"start":{"line":1467,"column":91},"end":{"line":1482,"column":1}},"line":1467},"60":{"name":"installAll","decl":{"start":{"line":1487,"column":9},"end":{"line":1487,"column":19}},"loc":{"start":{"line":1487,"column":22},"end":{"line":1610,"column":1}},"line":1487},"61":{"name":"(anonymous_61)","decl":{"start":{"line":1490,"column":12},"end":{"line":1490,"column":13}},"loc":{"start":{"line":1490,"column":34},"end":{"line":1490,"column":45}},"line":1490},"62":{"name":"(anonymous_62)","decl":{"start":{"line":1491,"column":9},"end":{"line":1491,"column":10}},"loc":{"start":{"line":1491,"column":23},"end":{"line":1491,"column":26}},"line":1491},"63":{"name":"(anonymous_63)","decl":{"start":{"line":1517,"column":45},"end":{"line":1517,"column":46}},"loc":{"start":{"line":1517,"column":50},"end":{"line":1517,"column":67}},"line":1517},"64":{"name":"(anonymous_64)","decl":{"start":{"line":1519,"column":43},"end":{"line":1519,"column":44}},"loc":{"start":{"line":1519,"column":48},"end":{"line":1519,"column":71}},"line":1519},"65":{"name":"(anonymous_65)","decl":{"start":{"line":1545,"column":43},"end":{"line":1545,"column":44}},"loc":{"start":{"line":1545,"column":48},"end":{"line":1545,"column":65}},"line":1545},"66":{"name":"(anonymous_66)","decl":{"start":{"line":1547,"column":43},"end":{"line":1547,"column":44}},"loc":{"start":{"line":1547,"column":48},"end":{"line":1547,"column":71}},"line":1547},"67":{"name":"(anonymous_67)","decl":{"start":{"line":1572,"column":43},"end":{"line":1572,"column":44}},"loc":{"start":{"line":1572,"column":48},"end":{"line":1572,"column":65}},"line":1572},"68":{"name":"(anonymous_68)","decl":{"start":{"line":1574,"column":43},"end":{"line":1574,"column":44}},"loc":{"start":{"line":1574,"column":48},"end":{"line":1574,"column":100}},"line":1574},"69":{"name":"(anonymous_69)","decl":{"start":{"line":1591,"column":18},"end":{"line":1591,"column":19}},"loc":{"start":{"line":1591,"column":28},"end":{"line":1602,"column":3}},"line":1591},"70":{"name":"(anonymous_70)","decl":{"start":{"line":1604,"column":38},"end":{"line":1604,"column":39}},"loc":{"start":{"line":1604,"column":43},"end":{"line":1604,"column":52}},"line":1604},"71":{"name":"handleStatusline","decl":{"start":{"line":1615,"column":9},"end":{"line":1615,"column":25}},"loc":{"start":{"line":1615,"column":61},"end":{"line":1667,"column":1}},"line":1615},"72":{"name":"(anonymous_72)","decl":{"start":{"line":1662,"column":46},"end":{"line":1662,"column":47}},"loc":{"start":{"line":1662,"column":58},"end":{"line":1666,"column":3}},"line":1662},"73":{"name":"promptLocation","decl":{"start":{"line":1672,"column":9},"end":{"line":1672,"column":23}},"loc":{"start":{"line":1672,"column":26},"end":{"line":1747,"column":1}},"line":1672},"74":{"name":"(anonymous_74)","decl":{"start":{"line":1678,"column":38},"end":{"line":1678,"column":39}},"loc":{"start":{"line":1678,"column":67},"end":{"line":1680,"column":5}},"line":1678},"75":{"name":"(anonymous_75)","decl":{"start":{"line":1693,"column":18},"end":{"line":1693,"column":19}},"loc":{"start":{"line":1693,"column":24},"end":{"line":1698,"column":3}},"line":1693},"76":{"name":"(anonymous_76)","decl":{"start":{"line":1701,"column":17},"end":{"line":1701,"column":18}},"loc":{"start":{"line":1701,"column":23},"end":{"line":1710,"column":3}},"line":1701},"77":{"name":"(anonymous_77)","decl":{"start":{"line":1706,"column":40},"end":{"line":1706,"column":41}},"loc":{"start":{"line":1706,"column":69},"end":{"line":1708,"column":7}},"line":1706},"78":{"name":"(anonymous_78)","decl":{"start":{"line":1725,"column":46},"end":{"line":1725,"column":47}},"loc":{"start":{"line":1725,"column":58},"end":{"line":1746,"column":3}},"line":1725},"79":{"name":"(anonymous_79)","decl":{"start":{"line":1743,"column":37},"end":{"line":1743,"column":38}},"loc":{"start":{"line":1743,"column":66},"end":{"line":1745,"column":5}},"line":1743},"80":{"name":"(anonymous_80)","decl":{"start":{"line":1783,"column":38},"end":{"line":1783,"column":39}},"loc":{"start":{"line":1783,"column":67},"end":{"line":1785,"column":5}},"line":1783},"81":{"name":"(anonymous_81)","decl":{"start":{"line":1789,"column":38},"end":{"line":1789,"column":39}},"loc":{"start":{"line":1789,"column":67},"end":{"line":1791,"column":5}},"line":1789}},"branchMap":{"0":{"loc":{"start":{"line":54,"column":47},"end":{"line":54,"column":85}},"type":"binary-expr","locations":[{"start":{"line":54,"column":47},"end":{"line":54,"column":69}},{"start":{"line":54,"column":73},"end":{"line":54,"column":85}}],"line":54},"1":{"loc":{"start":{"line":55,"column":2},"end":{"line":63,"column":3}},"type":"if","locations":[{"start":{"line":55,"column":2},"end":{"line":63,"column":3}},{"start":{},"end":{}}],"line":55},"2":{"loc":{"start":{"line":58,"column":4},"end":{"line":61,"column":5}},"type":"if","locations":[{"start":{"line":58,"column":4},"end":{"line":61,"column":5}},{"start":{},"end":{}}],"line":58},"3":{"loc":{"start":{"line":58,"column":8},"end":{"line":58,"column":43}},"type":"binary-expr","locations":[{"start":{"line":58,"column":8},"end":{"line":58,"column":16}},{"start":{"line":58,"column":20},"end":{"line":58,"column":43}}],"line":58},"4":{"loc":{"start":{"line":65,"column":40},"end":{"line":65,"column":96}},"type":"binary-expr","locations":[{"start":{"line":65,"column":40},"end":{"line":65,"column":71}},{"start":{"line":65,"column":75},"end":{"line":65,"column":96}}],"line":65},"5":{"loc":{"start":{"line":66,"column":2},"end":{"line":68,"column":3}},"type":"if","locations":[{"start":{"line":66,"column":2},"end":{"line":68,"column":3}},{"start":{},"end":{}}],"line":66},"6":{"loc":{"start":{"line":76,"column":2},"end":{"line":83,"column":3}},"type":"if","locations":[{"start":{"line":76,"column":2},"end":{"line":83,"column":3}},{"start":{},"end":{}}],"line":76},"7":{"loc":{"start":{"line":78,"column":4},"end":{"line":81,"column":5}},"type":"if","locations":[{"start":{"line":78,"column":4},"end":{"line":81,"column":5}},{"start":{},"end":{}}],"line":78},"8":{"loc":{"start":{"line":78,"column":8},"end":{"line":78,"column":43}},"type":"binary-expr","locations":[{"start":{"line":78,"column":8},"end":{"line":78,"column":16}},{"start":{"line":78,"column":20},"end":{"line":78,"column":43}}],"line":78},"9":{"loc":{"start":{"line":86,"column":2},"end":{"line":88,"column":3}},"type":"if","locations":[{"start":{"line":86,"column":2},"end":{"line":88,"column":3}},{"start":{},"end":{}}],"line":86},"10":{"loc":{"start":{"line":93,"column":16},"end":{"line":93,"column":62}},"type":"binary-expr","locations":[{"start":{"line":93,"column":16},"end":{"line":93,"column":39}},{"start":{"line":93,"column":43},"end":{"line":93,"column":62}}],"line":93},"11":{"loc":{"start":{"line":99,"col
[...]
olumn":11},"end":{"line":276,"column":5}}],"line":263},"49":{"loc":{"start":{"line":263,"column":8},"end":{"line":263,"column":99}},"type":"binary-expr","locations":[{"start":{"line":263,"column":8},"end":{"line":263,"column":54}},{"start":{"line":263,"column":58},"end":{"line":263,"column":99}}],"line":263},"50":{"loc":{"start":{"line":269,"column":8},"end":{"line":274,"column":9}},"type":"if","locations":[{"start":{"line":269,"column":8},"end":{"line":274,"column":9}},{"start":{},"end":{}}],"line":269},"51":{"loc":{"start":{"line":280,"column":2},"end":{"line":282,"column":3}},"type":"if","locations":[{"start":{"line":280,"column":2},"end":{"line":282,"column":3}},{"start":{},"end":{}}],"line":280},"52":{"loc":{"start":{"line":280,"column":6},"end":{"line":280,"column":78}},"type":"binary-expr","locations":[{"start":{"line":280,"column":6},"end":{"line":280,"column":37}},{"start":{"line":280,"column":41},"end":{"line":280,"column":78}}],"line":280},"53":{"loc":{"start":{"line":306,"column":2},"end":{"line":312,"column":3}},"type":"if","locations":[{"start":{"line":306,"column":2},"end":{"line":312,"column":3}},{"start":{},"end":{}}],"line":306},"54":{"loc":{"start":{"line":306,"column":6},"end":{"line":306,"column":53}},"type":"binary-expr","locations":[{"start":{"line":306,"column":6},"end":{"line":306,"column":18}},{"start":{"line":306,"column":22},"end":{"line":306,"column":53}}],"line":306},"55":{"loc":{"start":{"line":315,"column":2},"end":{"line":317,"column":3}},"type":"if","locations":[{"start":{"line":315,"column":2},"end":{"line":317,"column":3}},{"start":{},"end":{}}],"line":315},"56":{"loc":{"start":{"line":315,"column":6},"end":{"line":315,"column":97}},"type":"binary-expr","locations":[{"start":{"line":315,"column":6},"end":{"line":315,"column":23}},{"start":{"line":315,"column":27},"end":{"line":315,"column":63}},{"start":{"line":315,"column":67},"end":{"line":315,"column":97}}],"line":315},"57":{"loc":{"start":{"line":319,"column":2},"end":{"line":321,"column":3}},"type":"if","locations":[{"start":{"line":319,"column":2},"end":{"line":321,"column":3}},{"start":{},"end":{}}],"line":319},"58":{"loc":{"start":{"line":319,"column":6},"end":{"line":319,"column":118}},"type":"binary-expr","locations":[{"start":{"line":319,"column":6},"end":{"line":319,"column":30}},{"start":{"line":319,"column":34},"end":{"line":319,"column":77}},{"start":{"line":319,"column":81},"end":{"line":319,"column":118}}],"line":319},"59":{"loc":{"start":{"line":324,"column":2},"end":{"line":374,"column":3}},"type":"if","locations":[{"start":{"line":324,"column":2},"end":{"line":374,"column":3}},{"start":{},"end":{}}],"line":324},"60":{"loc":{"start":{"line":327,"column":4},"end":{"line":335,"column":5}},"type":"if","locations":[{"start":{"line":327,"column":4},"end":{"line":335,"column":5}},{"start":{"line":330,"column":11},"end":{"line":335,"column":5}}],"line":327},"61":{"loc":{"start":{"line":330,"column":11},"end":{"line":335,"column":5}},"type":"if","locations":[{"start":{"line":330,"column":11},"end":{"line":335,"column":5}},{"start":{"line":332,"column":11},"end":{"line":335,"column":5}}],"line":330},"62":{"loc":{"start":{"line":337,"column":4},"end":{"line":373,"column":5}},"type":"if","locations":[{"start":{"line":337,"column":4},"end":{"line":373,"column":5}},{"start":{},"end":{}}],"line":337},"63":{"loc":{"start":{"line":341,"column":8},"end":{"line":343,"column":9}},"type":"if","locations":[{"start":{"line":341,"column":8},"end":{"line":343,"column":9}},{"start":{},"end":{}}],"line":341},"64":{"loc":{"start":{"line":341,"column":12},"end":{"line":341,"column":62}},"type":"binary-expr","locations":[{"start":{"line":341,"column":12},"end":{"line":341,"column":36}},{"start":{"line":341,"column":40},"end":{"line":341,"column":62}}],"line":341},"65":{"loc":{"start":{"line":350,"column":8},"end":{"line":371,"column":9}},"type":"if","locations":[{"start":{"line":350,"column":8},"end":{"line":371,"column":9}},{"start":{},"end":{}}],"line":350},"66":{"loc":{"start":{"line":355,"column":21},"end":{"line":355,"column":80}},"type":"binary-expr","locations":[{"start":{"line":355,"column":21},"end":{"line":355,"column":30}},{"start":{"line":355,"column":34},"end":{"line":355,"column":80}}],"line":355},"67":{"loc":{"start":{"line":359,"column":10},"end":{"line":370,"column":11}},"type":"if","locations":[{"start":{"line":359,"column":10},"end":{"line":370,"column":11}},{"start":{"line":365,"column":17},"end":{"line":370,"column":11}}],"line":359},"68":{"loc":{"start":{"line":377,"column":2},"end":{"line":379,"column":3}},"type":"if","locations":[{"start":{"line":377,"column":2},"end":{"line":379,"column":3}},{"start":{},"end":{}}],"line":377},"69":{"loc":{"start":{"line":377,"column":6},"end":{"line":377,"column":78}},"type":"binary-expr","locations":[{"start":{"line":377,"column":6},"end":{"line":377,"column":37}},{"start":{"line":377,"column":41},"end":{"line":377,"column":78}}],"line":377},"70":{"loc":{"start":{"line":396,"column":2},"end":{"line":411,"column":3}},"type":"if","locations":[{"start":{"line":396,"column":2},"end":{"line":411,"column":3}},{"start":{"line":398,"column":9},"end":{"line":411,"column":3}}],"line":396},"71":{"loc":{"start":{"line":398,"column":9},"end":{"line":411,"column":3}},"type":"if","locations":[{"start":{"line":398,"column":9},"end":{"line":411,"column":3}},{"start":{"line":400,"column":9},"end":{"line":411,"column":3}}],"line":398},"72":{"loc":{"start":{"line":400,"column":9},"end":{"line":411,"column":3}},"type":"if","locations":[{"start":{"line":400,"column":9},"end":{"line":411,"column":3}},{"start":{"line":402,"column":9},"end":{"line":411,"column":3}}],"line":400},"73":{"loc":{"start":{"line":427,"column":17},"end":{"line":427,"column":51}},"type":"cond-expr","locations":[{"start":{"line":427,"column":30},"end":{"line":427,"column":47}},{"start":{"line":427,"column":50},"end":{"line":427,"column":51}}],"line":427},"74":{"loc":{"start":{"line":428,"column":16},"end":{"line":428,"column":64}},"type":"binary-expr","locations":[{"start":{"line":428,"column":16},"end":{"line":428,"column":39}},{"start":{"line":428,"column":43},"end":{"line":428,"column":64}}],"line":428},"75":{"loc":{"start":{"line":433,"column":2},"end":{"line":443,"column":3}},"type":"if","locations":[{"start":{"line":433,"column":2},"end":{"line":443,"column":3}},{"start":{"line":438,"column":9},"end":{"line":443,"column":3}}],"line":433},"76":{"loc":{"start":{"line":438,"column":9},"end":{"line":443,"column":3}},"type":"if","locations":[{"start":{"line":438,"column":9},"end":{"line":443,"column":3}},{"start":{},"end":{}}],"line":438}},"s":{"0":2,"1":2,"2":2,"3":2,"4":2,"5":2,"6":0,"7":0,"8":0,"9":0,"10":0,"11":0,"12":0,"13":0,"14":0,"15":0,"16":0,"17":0,"18":0,"19":0,"20":0,"21":0,"22":0,"23":0,"24":0,"25":0,"26":0,"27":0,"28":0,"29":0,"30":0,"31":0,"32":0,"33":0,"34":0,"35":0,"36":0,"37":0,"38":0,"39":0,"40":0,"41":0,"42":0,"43":0,"44":0,"45":0,"46":0,"47":0,"48":0,"49":0,"50":0,"51":0,"52":0,"53":0,"54":0,"55":0,"56":0,"57":0,"58":0,"59":0,"60":0,"61":0,"62":0,"63":0,"64":0,"65":0,"66":0,"67":0,"68":0,"69":0,"70":0,"71":0,"72":0,"73":0,"74":0,"75":0,"76":0,"77":0,"78":0,"79":0,"80":0,"81":0,"82":0,"83":0,"84":0,"85":0,"86":0,"87":0,"88":0,"89":0,"90":0,"91":0,"92":0,"93":0,"94":0,"95":0,"96":0,"97":0,"98":0,"99":0,"100":0,"101":0,"102":0,"103":0,"104":0,"105":0,"106":0,"107":0,"108":0,"109":0,"110":0,"111":0,"112":0,"113":0,"114":0,"115":0,"116":0,"117":0,"118":0,"119":0,"120":0,"121":0,"122":0,"123":0,"124":0,"125":0,"126":0,"127":0,"128":0,"129":0,"130":0,"131":0,"132":0,"133":0,"134":0,"135":0,"136":0,"137":0,"138":0,"139":0,"140":0,"141":2},"f":{"0":0,"1":0,"2":0,"3":0,"4":0,"5":0,"6":0,"7":0,"8":0,"9":0,"10":0,"11":0,"12":0,"13":0,"14":0,"15":0},"b":{"0":[0,0],"1":[0,0],"2":[0,0],"3":[0,0,0],"4":[0,0],"5":[0,0,0],"6":[0,0],"7":[0,0],"8":[0,0],"9":[0,0],"10":[0,0],"11":[0,0],"12":[0,0],"13":[0,0],"14":[0,0],"15":[0,0],"16":[0,0],"17":[0,0],"18":[0,0],"19":[0,0],"20":[0,0],"21":[0,0],"22":[0,0],"23":[0,0],"24":[0,0],"25":[0,0],"26":[0,0],"27":[0,0],"28":[0,0],"29":[0,0],"30":[0,0],"31":[0,0],"32":[0,0],"33":[0,0,0],"34":[0,0],"35":[0,0,0],"36":[0,0],"37":[0,0],"38":[0,0],"39":[0,0],"40":[0,0],"41":[0,0],"42":[0,0],"43":[0,0],"44":[0,0],"45":[0,0],"46":[0,0],"47":[0,0],"48":[0,0],"49":[0,0],"50":[0,0],"51":[0,0],"52":[0,0],"53":[0,0],"54":[0,0],"55":[0,0],"56":[0,0,0],"57":[0,0],"58":[0,0,0],"59":[0,0],"60":[0,0],"61":[0,0],"62":[0,0],"63":[0,0],"64":[0,0],"65":[0,0],"66":[0,0],"67":[0,0],"68":[0,0],"69":[0,0],"70":[0,0],"71":[0,0],"72":[0,0],"73":[0,0],"74":[0,0],"75":[0,0],"76":[0,0]},"inputSourceMap":null,"_coverageSchema":"1a1c01bbd47fc00a2c39e90264f33305004495a9","hash":"2fccdf7fbeaa9da0d0fdd811733cc0fc0eb548a4"}
,"/workspace/bin/lib/test-helpers/cli-invoker.js": {"path":"/workspace/bin/lib/test-helpers/cli-invoker.js","statementMap":{"0":{"start":{"line":1,"column":28},"end":{"line":1,"column":52}},"1":{"start":{"line":2,"column":13},"end":{"line":2,"column":28}},"2":{"start":{"line":12,"column":2},"end":{"line":61,"column":5}},"3":{"start":{"line":13,"column":22},"end":{"line":13,"column":32}},"4":{"start":{"line":14,"column":17},"end":{"line":14,"column":45}},"5":{"start":{"line":16,"column":4},"end":{"line":18,"column":5}},"6":{"start":{"line":17,"column":6},"end":{"line":17,"column":45}},"7":{"start":{"line":20,"column":17},"end":{"line":23,"column":6}},"8":{"start":{"line":25,"column":17},"end":{"line":25,"column":19}},"9":{"start":{"line":26,"column":17},"end":{"line":26,"column":19}},"10":{"start":{"line":27,"column":20},"end":{"line":27,"column":25}},"11":{"start":{"line":29,"column":4},"end":{"line":31,"column":7}},"12":{"start":{"line":30,"column":6},"end":{"line":30,"column":32}},"13":{"start":{"line":33,"column":4},"end":{"line":35,"column":7}},"14":{"start":{"line":34,"column":6},"end":{"line":34,"column":32}},"15":{"start":{"line":37,"column":4},"end":{"line":43,"column":7}},"16":{"start":{"line":38,"column":6},"end":{"line":42,"column":7}},"17":{"start":{"line":39,"column":8},"end":{"line":39,"column":25}},"18":{"start":{"line":40,"column":25},"end":{"line":40,"column":47}},"19":{"start":{"line":41,"column":8},"end":{"line":41,"column":56}},"20":{"start":{"line":45,"column":4},"end":{"line":50,"column":7}},"21":{"start":{"line":46,"column":6},"end":{"line":49,"column":7}},"22":{"start":{"line":47,"column":8},"end":{"line":47,"column":25}},"23":{"start":{"line":48,"column":8},"end":{"line":48,"column":68}},"24":{"start":{"line":53,"column":22},"end":{"line":53,"column":46}},"25":{"start":{"line":54,"column":4},"end":{"line":60,"column":18}},"26":{"start":{"line":55,"column":6},"end":{"line":59,"column":7}},"27":{"start":{"line":56,"column":8},"end":{"line":56,"column":25}},"28":{"start":{"line":57,"column":8},"end":{"line":57,"column":25}},"29":{"start":{"line":58,"column":8},"end":{"line":58,"column":81}},"30":{"start":{"line":72,"column":2},"end":{"line":119,"column":5}},"31":{"start":{"line":73,"column":22},"end":{"line":73,"column":32}},"32":{"start":{"line":75,"column":17},"end":{"line":75,"column":62}},"33":{"start":{"line":77,"column":17},"end":{"line":81,"column":6}},"34":{"start":{"line":83,"column":17},"end":{"line":83,"column":19}},"35":{"start":{"line":84,"column":17},"end":{"line":84,"column":19}},"36":{"start":{"line":85,"column":20},"end":{"line":85,"column":25}},"37":{"start":{"line":87,"column":4},"end":{"line":89,"column":7}},"38":{"start":{"line":88,"column":6},"end":{"line":88,"column":32}},"39":{"start":{"line":91,"column":4},"end":{"line":93,"column":7}},"40":{"start":{"line":92,"column":6},"end":{"line":92,"column":32}},"41":{"start":{"line":95,"column":4},"end":{"line":101,"column":7}},"42":{"start":{"line":96,"column":6},"end":{"line":100,"column":7}},"43":{"start":{"line":97,"column":8},"end":{"line":97,"column":25}},"44":{"start":{"line":98,"column":25},"end":{"line":98,"column":47}},"45":{"start":{"line":99,"column":8},"end":{"line":99,"column":56}},"46":{"start":{"line":103,"column":4},"end":{"line":108,"column":7}},"47":{"start":{"line":104,"column":6},"end":{"line":107,"column":7}},"48":{"start":{"line":105,"column":8},"end":{"line":105,"column":25}},"49":{"start":{"line":106,"column":8},"end":{"line":106,"column":64}},"50":{"start":{"line":111,"column":22},"end":{"line":111,"column":46}},"51":{"start":{"line":112,"column":4},"end":{"line":118,"column":18}},"52":{"start":{"line":113,"column":6},"end":{"line":117,"column":7}},"53":{"start":{"line":114,"column":8},"end":{"line":114,"column":25}},"54":{"start":{"line":115,"column":8},"end":{"line":115,"column":25}},"55":{"start":{"line":116,"column":8},"end":{"line":116,"column":82}},"56":{"start":{"line":126,"column":2},"end":{"line":131,"column":3}},"57":{"start":{"line":127,"column":4},"end":{"line":127,"column":54}},"58":{"start":{"line":128,"column":4},"end":{"line":128,"column":16}},"59":{"start":{"line":130,"column":4},"end":{"line":130,"column":17}},"60":{"start":{"line":138,"column":2},"end":{"line":143,"column":3}},"61":{"start":{"line":139,"column":4},"end":{"line":139,"column":58}},"62":{"start":{"line":140,"column":4},"end":{"line":140,"column":16}},"63":{"start":{"line":142,"column":4},"end":{"line":142,"column":17}},"64":{"start":{"line":146,"column":0},"end":{"line":151,"column":2}}},"fnMap":{"0":{"name":"invokeClaude","decl":{"start":{"line":11,"column":15},"end":{"line":11,"column":27}},"loc":{"start":{"line":11,"column":61},"end":{"line":62,"column":1}},"line":11},"1":{"name":"(anonymous_1)","decl":{"start":{"line":12,"column":21},"end":{"line":12,"column":22}},"loc":{"start":{"line":12,"column":42},"end":{"line":61,"column":3}},"line":12},"2":{"name":"(anonymous_2)","decl":{"start":{"line":29,"column":27},"end":{"line":29,"column":28}},"loc":{"start":{"line":29,"column":37},"end":{"line":31,"column":5}},"line":29},"3":{"name":"(anonymous_3)","decl":{"start":{"line":33,"column":27},"end":{"line":33,"column":28}},"loc":{"start":{"line":33,"column":37},"end":{"line":35,"column":5}},"line":33},"4":{"name":"(anonymous_4)","decl":{"start":{"line":37,"column":21},"end":{"line":37,"column":22}},"loc":{"start":{"line":37,"column":35},"end":{"line":43,"column":5}},"line":37},"5":{"name":"(anonymous_5)","decl":{"start":{"line":45,"column":21},"end":{"line":45,"column":22}},"loc":{"start":{"line":45,"column":30},"end":{"line":50,"column":5}},"line":45},"6":{"name":"(anonymous_6)","decl":{"start":{"line":54,"column":15},"end":{"line":54,"column":16}},"loc":{"start":{"line":54,"column":21},"end":{"line":60,"column":5}},"line":54},"7":{"name":"invokeCopilot","decl":{"start":{"line":71,"column":15},"end":{"line":71,"column":28}},"loc":{"start":{"line":71,"column":62},"end":{"line":120,"column":1}},"line":71},"8":{"name":"(anonymous_8)","decl":{"start":{"line":72,"column":21},"end":{"line":72,"column":22}},"loc":{"start":{"line":72,"column":42},"end":{"line":119,"column":3}},"line":72},"9":{"name":"(anonymous_9)","decl":{"start":{"line":87,"column":27},"end":{"line":87,"column":28}},"loc":{"start":{"line":87,"column":37},"end":{"line":89,"column":5}},"line":87},"10":{"name":"(anonymous_10)","decl":{"start":{"line":91,"column":27},"end":{"line":91,"column":28}},"loc":{"start":{"line":91,"column":37},"end":{"line":93,"column":5}},"line":91},"11":{"name":"(anonymous_11)","decl":{"start":{"line":95,"column":21},"end":{"line":95,"column":22}},"loc":{"start":{"line":95,"column":35},"end":{"line":101,"column":5}},"line":95},"12":{"name":"(anonymous_12)","decl":{"start":{"line":103,"column":21},"end":{"line":103,"column":22}},"loc":{"start":{"line":103,"column":30},"end":{"line":108,"column":5}},"line":103},"13":{"name":"(anonymous_13)","decl":{"start":{"line":112,"column":15},"end":{"line":112,"column":16}},"loc":{"start":{"line":112,"column":21},"end":{"line":118,"column":5}},"line":112},"14":{"name":"isClaudeAvailable","decl":{"start":{"line":125,"column":9},"end":{"line":125,"column":26}},"loc":{"start":{"line":125,"column":29},"end":{"line":132,"column":1}},"line":125},"15":{"name":"isCopilotAvailable","decl":{"start":{"line":137,"column":9},"end":{"line":137,"column":27}},"loc":{"start":{"line":137,"column":30},"end":{"line":144,"column":1}},"line":137}},"branchMap":{"0":{"loc":{"start":{"line":11,"column":47},"end":{"line":11,"column":59}},"type":"default-arg","locations":[{"start":{"line":11,"column":57},"end":{"line":11,"column":59}}],"line":11},"1":{"loc":{"start":{"line":16,"column":4},"end":{"line":18,"column":5}},"type":"if","locations":[{"start":{"line":16,"column":4},"end":{"line":18,"column":5}},{"start":{},"end":{}}],"line":16},"2":{"loc":{"start":{"line":22,"column":15},"end":{"line":22,"column":39}},"type":"binary-expr","locations":[{"start":{"line":22,"column":15},"end":{"line":22,"column":30}},{"start":{"line":22,"column":34},"end":{"line":22,"column":39}}],"line":22},"3":{"loc":{"start":{"line":38,"column":6},"end":{"line":42,"column":7}},"type":"if","locations":[{"start":{"line":38,"column":6},"end":{"line":42,"column":7}},{"start":{},"end":{}}],"line":38},"4":{"loc":{"start":{"line":46,"column":6},"end":{"line":49,"column":7}},"type":"if","locations":[{"start":{"line":46,"column":6},"end":{"line":49,"column":7}},{"start":{},"end":{}}],"line":46},"5":{"loc":{"start":{"line":53,"column":22},"end":{"line":53,"column":46}},"type":"binary-expr","locations":[{"start":{"line":53,"column":22},"end":{"line":53,"column":37}},{"start":{"line":53,"column":41},"end":{"line":53,"column":46}}],"line":53},"6":{"loc":{"start":{"line":55,"column":6},"end":{"line":59,"column":7}},"type":"if","locations":[{"start":{"line":55,"column":6},"end":{"line":59,"column":7}},{"start":{},"end":{}}],"line":55},"7":{"loc":{"start":{"line":71,"column":48},"end":{"line":71,"column":60}},"type":"default-arg","locations":[{"start":{"line":71,"column":58},"end":{"line":71,"column":60}}],"line":71},"8":{"loc":{"start":{"line":79,"column":15},"end":{"line":79,"column":39}},"type":"binary-expr","locations":[{"start":{"line":79,"column":15},"end":{"line":79,"column":30}},{"start":{"line":79,"column":34},"end":{"line":79,"column":39}}],"line":79},"9":{"loc":{"start":{"line":80,"column":11},"end":{"line":80,"column":39}},"type":"binary-expr","locations":[{"start":{"line":80,"column":11},"end":{"line":80,"column":22}},{"start":{"line":80,"column":26},"end":{"line":80,"column":39}}],"line":80},"10":{"loc":{"start":{"line":96,"column":6},"end":{"line":100,"column":7}},"type":"if","locations":[{"start":{"line":96,"column":6},"end":{"line":100,"column":7}},{"start":{},"end":{}}],"line":96},"11":{"loc":{"start":{"line":104,"column":6},"end":{"line":107,"column":7}},"type":"if","locations":[{"start":{"line":104,"column":6},"end":{"line":107,"column":7}},{"start":{},"end":{}}],"line":104},"12":{"loc":{"start":{"line":111,"column":22},"end":{"line":111,"column":46}},"type":"binary-expr","locations":[{"start":{"line":111,"column":22},"end":{"line":111,"column":37}},{"start":{"line":111,"column":41},"end":{"line":111,"column":46}}],"line":111},"13":{"loc":{"start":{"line":113,"column":6},"end":{"line":117,"column":7}},"type":"if","locations":[{"start":{"line":113,"column":6},"end":{"line":117,"column":7}},{"start":{},"end":{}}],"line":113}},"s":{"0":0,"1":0,"2":0,"3":0,"4":0,"5":0,"6":0,"7":0,"8":0,"9":0,"10":0,"11":0,"12":0,"13":0,"14":0,"15":0,"16":0,"17":0,"18":0,"19":0,"20":0,"21":0,"22":0,"23":0,"24":0,"25":0,"26":0,"27":0,"28":0,"29":0,"30":0,"31":0,"32":0,"33":0,"34":0,"35":0,"36":0,"37":0,"38":0,"39":0,"40":0,"41":0,"42":0,"43":0,"44":0,"45":0,"46":0,"47":0,"48":0,"49":0,"50":0,"51":0,"52":0,"53":0,"54":0,"55":0,"56":0,"57":0,"58":0,"59":0,"60":0,"61":0,"62":0,"63":0,"64":0},"f":{"0":0,"1":0,"2":0,"3":0,"4":0,"5":0,"6":0,"7":0,"8":0,"9":0,"10":0,"11":0,"12":0,"13":0,"14":0,"15":0},"b":{"0":[0],"1":[0,0],"2":[0,0],"3":[0,0],"4":[0,0],"5":[0,0],"6":[0,0],"7":[0],"8":[0,0],"9":[0,0],"10":[0,0],"11":[0,0],"12":[0,0],"13":[0,0]},"inputSourceMap":null}
}
