{"/workspace/bin/lib/menu/interactive-menu.js": {"path":"/workspace/bin/lib/menu/interactive-menu.js","statementMap":{"0":{"start":{"line":8,"column":16},"end":{"line":8,"column":34}},"1":{"start":{"line":19,"column":2},"end":{"line":21,"column":3}},"2":{"start":{"line":20,"column":4},"end":{"line":20,"column":107}},"3":{"start":{"line":23,"column":20},"end":{"line":49,"column":3}},"4":{"start":{"line":35,"column":25},"end":{"line":37,"column":14}},"5":{"start":{"line":40,"column":18},"end":{"line":40,"column":50}},"6":{"start":{"line":51,"column":19},"end":{"line":56,"column":4}},"7":{"start":{"line":53,"column":6},"end":{"line":53,"column":46}},"8":{"start":{"line":54,"column":6},"end":{"line":54,"column":22}},"9":{"start":{"line":59,"column":18},"end":{"line":59,"column":36}},"10":{"start":{"line":60,"column":2},"end":{"line":62,"column":3}},"11":{"start":{"line":61,"column":4},"end":{"line":61,"column":47}},"12":{"start":{"line":65,"column":2},"end":{"line":69,"column":4}},"13":{"start":{"line":72,"column":0},"end":{"line":72,"column":41}}},"fnMap":{"0":{"name":"showInteractiveMenu","decl":{"start":{"line":17,"column":15},"end":{"line":17,"column":34}},"loc":{"start":{"line":17,"column":58},"end":{"line":70,"column":1}},"line":17},"1":{"name":"(anonymous_1)","decl":{"start":{"line":35,"column":16},"end":{"line":35,"column":17}},"loc":{"start":{"line":35,"column":25},"end":{"line":37,"column":14}},"line":35},"2":{"name":"(anonymous_2)","decl":{"start":{"line":40,"column":12},"end":{"line":40,"column":13}},"loc":{"start":{"line":40,"column":18},"end":{"line":40,"column":50}},"line":40},"3":{"name":"(anonymous_3)","decl":{"start":{"line":52,"column":14},"end":{"line":52,"column":15}},"loc":{"start":{"line":52,"column":20},"end":{"line":55,"column":5}},"line":52}},"branchMap":{"0":{"loc":{"start":{"line":17,"column":35},"end":{"line":17,"column":56}},"type":"default-arg","locations":[{"start":{"line":17,"column":52},"end":{"line":17,"column":56}}],"line":17},"1":{"loc":{"start":{"line":19,"column":2},"end":{"line":21,"column":3}},"type":"if","locations":[{"start":{"line":19,"column":2},"end":{"line":21,"column":3}},{"start":{},"end":{}}],"line":19},"2":{"loc":{"start":{"line":35,"column":25},"end":{"line":37,"column":14}},"type":"cond-expr","locations":[{"start":{"line":36,"column":10},"end":{"line":36,"column":50}},{"start":{"line":37,"column":10},"end":{"line":37,"column":14}}],"line":35},"3":{"loc":{"start":{"line":40,"column":18},"end":{"line":40,"column":50}},"type":"cond-expr","locations":[{"start":{"line":40,"column":35},"end":{"line":40,"column":39}},{"start":{"line":40,"column":42},"end":{"line":40,"column":50}}],"line":40},"4":{"loc":{"start":{"line":60,"column":2},"end":{"line":62,"column":3}},"type":"if","locations":[{"start":{"line":60,"column":2},"end":{"line":62,"column":3}},{"start":{},"end":{}}],"line":60},"5":{"loc":{"start":{"line":60,"column":6},"end":{"line":60,"column":44}},"type":"binary-expr","locations":[{"start":{"line":60,"column":6},"end":{"line":60,"column":15}},{"start":{"line":60,"column":19},"end":{"line":60,"column":44}}],"line":60},"6":{"loc":{"start":{"line":67,"column":11},"end":{"line":67,"column":43}},"type":"binary-expr","locations":[{"start":{"line":67,"column":11},"end":{"line":67,"column":25}},{"start":{"line":67,"column":29},"end":{"line":67,"column":43}}],"line":67}},"s":{"0":1,"1":24,"2":4,"3":20,"4":0,"5":19,"6":20,"7":1,"8":1,"9":20,"10":20,"11":2,"12":20,"13":1},"f":{"0":24,"1":0,"2":19,"3":1},"b":{"0":[20],"1":[4,20],"2":[0,0],"3":[4,15],"4":[2,18],"5":[20,19],"6":[20,16]},"inputSourceMap":null,"_coverageSchema":"1a1c01bbd47fc00a2c39e90264f33305004495a9","hash":"9a2e45b70f9bc4afe2626520fa3eba9b2ee48e9f"}
}
