TN:
SF:bin/lib/menu/interactive-menu.js
FN:17,showInteractiveMenu
FN:35,(anonymous_1)
FN:40,(anonymous_2)
FN:52,(anonymous_3)
FNF:4
FNH:3
FNDA:24,showInteractiveMenu
FNDA:0,(anonymous_1)
FNDA:19,(anonymous_2)
FNDA:1,(anonymous_3)
DA:8,1
DA:19,24
DA:20,4
DA:23,20
DA:35,0
DA:40,19
DA:51,20
DA:53,1
DA:54,1
DA:59,20
DA:60,20
DA:61,2
DA:65,20
DA:72,1
LF:14
LH:13
BRDA:17,0,0,20
BRDA:19,1,0,4
BRDA:19,1,1,20
BRDA:35,2,0,0
BRDA:35,2,1,0
BRDA:40,3,0,4
BRDA:40,3,1,15
BRDA:60,4,0,2
BRDA:60,4,1,18
BRDA:60,5,0,20
BRDA:60,5,1,19
BRDA:67,6,0,20
BRDA:67,6,1,16
BRF:13
BRH:11
end_of_record
