TN:
SF:bin/lib/conflict-resolver.js
FN:23,isGSDContent
FN:36,analyzeInstallationConflicts
FN:59,(anonymous_2)
FN:100,cleanupGSDContent
FN:130,detectOldClaudePath
FNF:5
FNH:5
FNDA:8,isGSDContent
FNDA:11,analyzeInstallationConflicts
FNDA:11,(anonymous_2)
FNDA:5,cleanupGSDContent
FNDA:4,detectOldClaudePath
DA:8,1
DA:9,1
DA:10,1
DA:15,1
DA:24,8
DA:25,8
DA:28,8
DA:38,11
DA:39,1
DA:47,10
DA:48,10
DA:50,10
DA:51,10
DA:53,10
DA:54,12
DA:57,12
DA:59,9
DA:60,11
DA:61,11
DA:62,9
DA:63,9
DA:64,2
DA:66,7
DA:70,9
DA:71,9
DA:74,3
DA:79,0
DA:87,10
DA:101,5
DA:104,5
DA:105,8
DA:106,32
DA:107,32
DA:109,32
DA:111,8
DA:112,8
DA:113,8
DA:119,5
DA:120,7
DA:123,5
DA:131,4
DA:133,4
DA:134,2
DA:143,2
DA:146,1
LF:45
LH:44
BRDA:38,0,0,1
BRDA:38,0,1,10
BRDA:57,1,0,9
BRDA:57,1,1,3
BRDA:57,2,0,12
BRDA:57,2,1,9
BRDA:63,3,0,2
BRDA:63,3,1,7
BRDA:88,4,0,10
BRDA:88,4,1,2
BRDA:109,5,0,8
BRDA:109,5,1,24
BRDA:109,6,0,32
BRDA:109,6,1,31
BRDA:133,7,0,2
BRDA:133,7,1,2
BRF:16
BRH:16
end_of_record
